This is pdfTeX, Version 3.14159265-2.6-1.40.18 (TeX Live 2017/W32TeX) (preloaded format=pdflatex 2018.4.10)  16 OCT 2018 01:05
entering extended mode
 restricted \write18 enabled.
 %&-line parsing enabled.
**./modelo_dissertacao.tex
(./modelo_dissertacao.tex
LaTeX2e <2017-04-15>
Babel <3.18> and hyphenation patterns for 84 language(s) loaded.
(c:/texlive/texmf-local/tex/latex/utfprcptex2/utfprcptex2.cls
Document Class: utfprcptex2 2017/02/20 Classe de Normas para Trabalhos da UTFPR

(c:/texlive/2017/texmf-dist/tex/latex/abntex2/abntex2.cls
Document Class: abntex2 2016/02/26 v-1.9.6 abnTeX2
(c:/texlive/2017/texmf-dist/tex/latex/base/ifthen.sty
Package: ifthen 2014/09/29 v1.1c Standard LaTeX ifthen package (DPC)
)
(c:/texlive/2017/texmf-dist/tex/latex/memoir/memoir.cls
Document Class: memoir 2016/05/16 v3.7f configurable book, report, article docu
ment class
\onelineskip=\skip41
\lxvchars=\skip42
\xlvchars=\skip43
\@memcnta=\count79
\c@@memmarkcntra=\count80
(c:/texlive/2017/texmf-dist/tex/generic/oberdiek/ifpdf.sty
Package: ifpdf 2017/03/15 v3.2 Provides the ifpdf switch
)
(c:/texlive/2017/texmf-dist/tex/latex/ifetex/ifetex.sty
Package: ifetex 2011/12/15 v1.2 ifetex

(c:/texlive/2017/texmf-dist/tex/plain/ifetex/ifetex.tex))
(c:/texlive/2017/texmf-dist/tex/generic/ifxetex/ifxetex.sty
Package: ifxetex 2010/09/12 v0.6 Provides ifxetex conditional
)
(c:/texlive/2017/texmf-dist/tex/generic/oberdiek/ifluatex.sty
Package: ifluatex 2016/05/16 v1.4 Provides the ifluatex switch (HO)
Package ifluatex Info: LuaTeX not detected.
)
\stockheight=\skip44
\stockwidth=\skip45
\trimtop=\skip46
\trimedge=\skip47

(c:/texlive/2017/texmf-dist/tex/latex/memoir/mem12.clo
File: mem12.clo 2010/10/19 v0.4b memoir class 12pt size option
)
\binding=\skip48
\spinemargin=\skip49
\foremargin=\skip50
\uppermargin=\skip51
\lowermargin=\skip52
\headdrop=\skip53
\normalrulethickness=\skip54
\mem@maxheadheight=\skip55
\mem@maxfootheight=\skip56
\headwidth=\skip57
\c@storedpagenumber=\count81
\memPD=\dimen102
\m@mabparskip=\skip58
\thanksmarkwidth=\skip59
\thanksmarksep=\skip60
\droptitle=\skip61
\c@book=\count82
\c@part=\count83
\c@chapter=\count84
\c@section=\count85
\c@subsection=\count86
\c@subsubsection=\count87
\c@paragraph=\count88
\c@subparagraph=\count89
\beforechapskip=\skip62
\midchapskip=\skip63
\afterchapskip=\skip64
\chapindent=\skip65
\bottomsectionskip=\skip66
\secindent=\skip67
\beforesecskip=\skip68
\aftersecskip=\skip69
\subsecindent=\skip70
\beforesubsecskip=\skip71
\aftersubsecskip=\skip72
\subsubsecindent=\skip73
\beforesubsubsecskip=\skip74
\aftersubsubsecskip=\skip75
\paraindent=\skip76
\beforeparaskip=\skip77
\afterparaskip=\skip78
\subparaindent=\skip79
\beforesubparaskip=\skip80
\aftersubparaskip=\skip81
\pfbreakskip=\skip82
\c@@ppsavesec=\count90
\c@@ppsaveapp=\count91
\ragrparindent=\dimen103
\everylistparindent=\dimen104
\parsepi=\skip83
\topsepi=\skip84
\itemsepi=\skip85
\parsepii=\skip86
\topsepii=\skip87
\topsepiii=\skip88
\itemsepii=\skip89
\itemsepiii=\skip90
\partopsepii=\skip91
\partopsepiii=\skip92
\m@msavetopsep=\skip93
\m@msavepartopsep=\skip94
\@enLab=\toks14
\abstitleskip=\skip95
\absleftindent=\skip96
\abs@leftindent=\dimen105
\absrightindent=\skip97
\absparindent=\skip98
\absparsep=\skip99
\c@vslineno=\count92
\c@poemline=\count93
\c@modulo@vs=\count94
\c@memfvsline=\count95
\vleftskip=\skip100
\vrightskip=\skip101
\stanzaskip=\skip102
\versewidth=\skip103
\vgap=\skip104
\vindent=\skip105
\vleftmargin=\dimen106
\c@verse=\count96
\c@chrsinstr=\count97
\beforepoemtitleskip=\skip106
\afterpoemtitleskip=\skip107
\c@poem=\count98
\beforePoemTitleskip=\skip108
\midPoemTitleskip=\skip109
\afterPoemTitleskip=\skip110
\col@sep=\dimen107
\extrarowheight=\dimen108
\NC@list=\toks15
\extratabsurround=\skip111
\backup@length=\skip112
\TX@col@width=\dimen109
\TX@old@table=\dimen110
\TX@old@col=\dimen111
\TX@target=\dimen112
\TX@delta=\dimen113
\TX@cols=\count99
\TX@ftn=\toks16
\heavyrulewidth=\dimen114
\lightrulewidth=\dimen115
\cmidrulewidth=\dimen116
\belowrulesep=\dimen117
\belowbottomsep=\dimen118
\aboverulesep=\dimen119
\abovetopsep=\dimen120
\cmidrulesep=\dimen121
\cmidrulekern=\dimen122
\defaultaddspace=\dimen123
\@cmidla=\count100
\@cmidlb=\count101
\@aboverulesep=\dimen124
\@belowrulesep=\dimen125
\@thisruleclass=\count102
\@lastruleclass=\count103
\@thisrulewidth=\dimen126
\ctableftskip=\skip113
\ctabrightskip=\skip114
\abovecolumnspenalty=\count104
\@linestogo=\count105
\@cellstogo=\count106
\@cellsincolumn=\count107
\crtok=\toks17
\@mincolumnwidth=\dimen127
\c@newflo@tctr=\count108
\mem@margin@floatbox=\box26
\@contcwidth=\skip115
\@contindw=\skip116
\abovecaptionskip=\skip117
\belowcaptionskip=\skip118
\subfloattopskip=\skip119
\subfloatcapskip=\skip120
\subfloatcaptopadj=\skip121
\subfloatbottomskip=\skip122
\subfloatlabelskip=\skip123
\subfloatcapmargin=\dimen128
\c@@contsubnum=\count109
\m@mscap@capbox=\box27
\m@mscap@fbox=\box28
\sidecapsep=\dimen129
\sidecapwidth=\dimen130
\m@m@tempdima=\dimen131
\m@mscapraise=\dimen132
\sidecapraise=\dimen133
\m@mscapmainwidth=\dimen134
\m@mscaplkern=\dimen135
\beforeepigraphskip=\skip124
\afterepigraphskip=\skip125
\epigraphwidth=\skip126
\epigraphrule=\skip127
LaTeX Info: Redefining \em on input line 7551.
LaTeX Info: Redefining \emph on input line 7559.
\tocentryskip=\skip128
\tocbaseline=\skip129
\cftparskip=\skip130
\cftbeforebookskip=\skip131
\cftbookindent=\dimen136
\cftbooknumwidth=\dimen137
\cftbeforepartskip=\skip132
\cftpartindent=\skip133
\cftpartnumwidth=\skip134
\cftbeforechapterskip=\skip135
\cftchapterindent=\skip136
\cftchapternumwidth=\skip137
\cftbeforesectionskip=\skip138
\cftsectionindent=\skip139
\cftsectionnumwidth=\skip140
\cftbeforesubsectionskip=\skip141
\cftsubsectionindent=\skip142
\cftsubsectionnumwidth=\skip143
\cftbeforesubsubsectionskip=\skip144
\cftsubsubsectionindent=\skip145
\cftsubsubsectionnumwidth=\skip146
\cftbeforeparagraphskip=\skip147
\cftparagraphindent=\skip148
\cftparagraphnumwidth=\skip149
\cftbeforesubparagraphskip=\skip150
\cftsubparagraphindent=\skip151
\cftsubparagraphnumwidth=\skip152
\prechapterprecisshift=\dimen138
\c@maxsecnumdepth=\count110
\bibindent=\dimen139
\bibitemsep=\skip153
\indexcolsep=\skip154
\indexrule=\skip155
\indexmarkstyle=\toks18
\@indexbox=\insert199
\glossarycolsep=\dimen140
\glossaryrule=\dimen141
\sideparvshift=\skip156
\sideins=\insert198
\sidebartopsep=\skip157
\sidebarhsep=\skip158
\sidebarvsep=\skip159
\sidebarwidth=\skip160
\footmarkwidth=\skip161
\footmarksep=\skip162
\footparindent=\skip163
\footinsdim=\skip164
\footinsv@r=\insert197
\@mpfootinsv@r=\insert196
\m@m@k=\count111
\m@m@h=\dimen142
\m@mipn@skip=\skip165
\sidefootins=\insert195
\sidefootadjust=\skip166
\sidefootheight=\skip167
\sidefoothsep=\skip168
\sidefootvsep=\skip169
\sidefootwidth=\skip170
\m@mdownsf=\skip171
\c@sidefootnote=\count112
\sidefootmarkwidth=\skip172
\sidefootmarksep=\skip173
\sidefootparindent=\skip174
\c@pagenote=\count113
\c@pagenoteshadow=\count114
\mem@pn@lastkern=\skip175
\every@verbatim=\toks19
\afterevery@verbatim=\toks20
\verbatim@line=\toks21
\tab@position=\count115
\verbatim@in@stream=\read1
\verbatimindent=\skip176
\verbatim@out=\write3
\bvboxsep=\skip177
\c@memfbvline=\count116
\c@bvlinectr=\count117
\bvnumlength=\skip178
\fb@frw=\dimen143
\fb@frh=\dimen144
\FrameRule=\dimen145
\FrameSep=\dimen146
\c@cp@cntr=\count118
LaTeX Info: Redefining \: on input line 12068.
LaTeX Info: Redefining \! on input line 12070.
\c@ism@mctr=\count119
\c@xsm@mctr=\count120
\c@csm@mctr=\count121
\c@ksm@mctr=\count122
\c@xksm@mctr=\count123
\c@cksm@mctr=\count124
\c@msm@mctr=\count125
\c@xmsm@mctr=\count126
\c@cmsm@mctr=\count127
\c@bsm@mctr=\count128
\c@workm@mctr=\count129
\c@sheetsequence=\count130
\c@lastsheet=\count131
\c@lastpage=\count132
\c@figure=\count133
\c@lofdepth=\count134
\cftbeforefigureskip=\skip179
\cftfigureindent=\skip180
\cftfigurenumwidth=\skip181
\c@table=\count135
\c@lotdepth=\count136
\cftbeforetableskip=\skip182
\cfttableindent=\skip183
\cfttablenumwidth=\skip184
Package abstract [2008/07/23] emulated by memoir.
Package appendix [2008/07/23] emulated by memoir.
Package array [2008/09/09] emulated by memoir.
Package booktabs [2016/05/16] emulated by memoir.
Package ccaption [2008/07/23] emulated by memoir.
Package changepage [2008/07/23] emulated by memoir.
Package chngcntr [2008/07/23] emulated by memoir.
Package chngpage [2008/07/23] emulated by memoir.
Package crop emulated by memoir.
Package dcolumn [2008/07/23] emulated by memoir.
Package delarray [2008/07/23] emulated by memoir.
Package enumerate [2008/07/23] emulated by memoir.
Package epigraph [2008/07/23] emulated by memoir.
Package ifmtarg [2008/07/23] emulated by memoir.
Package index [2008/07/23] emulated by memoir.
Package makeidx [2008/07/23] emulated by memoir.
Package moreverb [2008/07/23] emulated by memoir.
Package mparhack [2008/07/23] emulated by memoir.
Package needspace [2008/07/23] emulated by memoir.
Package newfile [2008/07/23] emulated by memoir.
Package nextpage [2008/07/23] emulated by memoir.
Package pagenote [2008/07/23] emulated by memoir.
Package parskip [2008/07/23] emulated by memoir.
Package patchcmd [2008/07/23] emulated by memoir.
Package setspace [2008/07/23] emulated by memoir.
Package shortvrb [2008/07/23] emulated by memoir.
Package showidx [2008/07/23] emulated by memoir.
Package tabularx [2008/07/23] emulated by memoir.
Package titleref [2008/07/23] emulated by memoir.
Package titling [2008/07/23] emulated by memoir.
Package tocbibind [2008/07/23] emulated by memoir.
Package tocloft [2008/07/23] emulated by memoir.
Package tocvsec2 [2008/07/23] emulated by memoir.
Package verbatim [2008/07/23] emulated by memoir.
Package verse [2008/07/23] emulated by memoir.

(c:/texlive/2017/texmf-dist/tex/latex/memoir/mempatch.sty
Package: mempatch 2009/07/24 v6.0f Patches for memoir class v1.6180339
))
(c:/texlive/2017/texmf-dist/tex/latex/textcase/textcase.sty
Package: textcase 2004/10/07 v0.07 Text only upper/lower case changing (DPC)
LaTeX Info: Redefining \MakeTextUppercase on input line 47.
LaTeX Info: Redefining \MakeTextLowercase on input line 50.
)
(c:/texlive/2017/texmf-dist/tex/latex/hyperref/hyperref.sty
Package: hyperref 2018/02/06 v6.86b Hypertext links for LaTeX

(c:/texlive/2017/texmf-dist/tex/generic/oberdiek/hobsub-hyperref.sty
Package: hobsub-hyperref 2016/05/16 v1.14 Bundle oberdiek, subset hyperref (HO)


(c:/texlive/2017/texmf-dist/tex/generic/oberdiek/hobsub-generic.sty
Package: hobsub-generic 2016/05/16 v1.14 Bundle oberdiek, subset generic (HO)
Package: hobsub 2016/05/16 v1.14 Construct package bundles (HO)
Package: infwarerr 2016/05/16 v1.4 Providing info/warning/error messages (HO)
Package: ltxcmds 2016/05/16 v1.23 LaTeX kernel commands for general use (HO)
Package hobsub Info: Skipping package `ifluatex' (already loaded).
Package: ifvtex 2016/05/16 v1.6 Detect VTeX and its facilities (HO)
Package ifvtex Info: VTeX not detected.
Package: intcalc 2016/05/16 v1.2 Expandable calculations with integers (HO)
Package hobsub Info: Skipping package `ifpdf' (already loaded).
Package: etexcmds 2016/05/16 v1.6 Avoid name clashes with e-TeX commands (HO)
Package etexcmds Info: Could not find \expanded.
(etexcmds)             That can mean that you are not using pdfTeX 1.50 or
(etexcmds)             that some package has redefined \expanded.
(etexcmds)             In the latter case, load this package earlier.
Package: kvsetkeys 2016/05/16 v1.17 Key value parser (HO)
Package: kvdefinekeys 2016/05/16 v1.4 Define keys (HO)
Package: pdftexcmds 2018/01/21 v0.26 Utility functions of pdfTeX for LuaTeX (HO
)
Package pdftexcmds Info: LuaTeX not detected.
Package pdftexcmds Info: \pdf@primitive is available.
Package pdftexcmds Info: \pdf@ifprimitive is available.
Package pdftexcmds Info: \pdfdraftmode found.
Package: pdfescape 2016/05/16 v1.14 Implements pdfTeX's escape features (HO)
Package: bigintcalc 2016/05/16 v1.4 Expandable calculations on big integers (HO
)
Package: bitset 2016/05/16 v1.2 Handle bit-vector datatype (HO)
Package: uniquecounter 2016/05/16 v1.3 Provide unlimited unique counter (HO)
)
Package hobsub Info: Skipping package `hobsub' (already loaded).
Package: letltxmacro 2016/05/16 v1.5 Let assignment for LaTeX macros (HO)
Package: hopatch 2016/05/16 v1.3 Wrapper for package hooks (HO)
Package: xcolor-patch 2016/05/16 xcolor patch
Package: atveryend 2016/05/16 v1.9 Hooks at the very end of document (HO)
Package atveryend Info: \enddocument detected (standard20110627).
Package: atbegshi 2016/06/09 v1.18 At begin shipout hook (HO)
Package: refcount 2016/05/16 v3.5 Data extraction from label references (HO)
Package: hycolor 2016/05/16 v1.8 Color options for hyperref/bookmark (HO)
)
(c:/texlive/2017/texmf-dist/tex/latex/graphics/keyval.sty
Package: keyval 2014/10/28 v1.15 key=value parser (DPC)
\KV@toks@=\toks22
)
(c:/texlive/2017/texmf-dist/tex/latex/oberdiek/auxhook.sty
Package: auxhook 2016/05/16 v1.4 Hooks for auxiliary files (HO)
)
(c:/texlive/2017/texmf-dist/tex/latex/oberdiek/kvoptions.sty
Package: kvoptions 2016/05/16 v3.12 Key value format for package options (HO)
)
\@linkdim=\dimen147
\Hy@linkcounter=\count137
\Hy@pagecounter=\count138

(c:/texlive/2017/texmf-dist/tex/latex/hyperref/pd1enc.def
File: pd1enc.def 2018/02/06 v6.86b Hyperref: PDFDocEncoding definition (HO)
)
\Hy@SavedSpaceFactor=\count139

(c:/texlive/2017/texmf-dist/tex/latex/latexconfig/hyperref.cfg
File: hyperref.cfg 2002/06/06 v1.2 hyperref configuration of TeXLive
)
Package hyperref Info: Hyper figures OFF on input line 4509.
Package hyperref Info: Link nesting OFF on input line 4514.
Package hyperref Info: Hyper index ON on input line 4517.
Package hyperref Info: Plain pages OFF on input line 4524.
Package hyperref Info: Backreferencing OFF on input line 4529.
Package hyperref Info: Implicit mode ON; LaTeX internals redefined.
Package hyperref Info: Bookmarks ON on input line 4762.
\c@Hy@tempcnt=\count140

(c:/texlive/2017/texmf-dist/tex/latex/url/url.sty
\Urlmuskip=\muskip10
Package: url 2013/09/16  ver 3.4  Verb mode for urls, etc.
)
LaTeX Info: Redefining \url on input line 5115.
\XeTeXLinkMargin=\dimen148
\Fld@menulength=\count141
\Field@Width=\dimen149
\Fld@charsize=\dimen150
Package hyperref Info: Hyper figures OFF on input line 6369.
Package hyperref Info: Link nesting OFF on input line 6374.
Package hyperref Info: Hyper index ON on input line 6377.
Package hyperref Info: backreferencing OFF on input line 6384.
Package hyperref Info: Link coloring OFF on input line 6389.
Package hyperref Info: Link coloring with OCG OFF on input line 6394.
Package hyperref Info: PDF/A mode OFF on input line 6399.
LaTeX Info: Redefining \ref on input line 6439.
LaTeX Info: Redefining \pageref on input line 6443.
\Hy@abspage=\count142
\c@Item=\count143
\c@Hfootnote=\count144
)
(c:/texlive/2017/texmf-dist/tex/latex/memoir/memhfixc.sty
Package: memhfixc 2013/05/30 v1.17 nameref/hyperref package fixes for memoir cl
ass
\c@memhycontfloat=\count145
\c@Hpagenote=\count146
)
Package hyperref Info: Driver (autodetected): hpdftex.

(c:/texlive/2017/texmf-dist/tex/latex/hyperref/hpdftex.def
File: hpdftex.def 2018/02/06 v6.86b Hyperref driver for pdfTeX
\Fld@listcount=\count147
\c@bookmark@seq@number=\count148

(c:/texlive/2017/texmf-dist/tex/latex/oberdiek/rerunfilecheck.sty
Package: rerunfilecheck 2016/05/16 v1.8 Rerun checks for auxiliary files (HO)
Package uniquecounter Info: New unique counter `rerunfilecheck' on input line 2
82.
)
\Hy@SectionHShift=\skip185
)
(c:/texlive/2017/texmf-dist/tex/latex/oberdiek/bookmark.sty
Package: bookmark 2016/05/17 v1.26 PDF bookmarks (HO)

(c:/texlive/2017/texmf-dist/tex/latex/oberdiek/bkm-pdftex.def
File: bkm-pdftex.def 2016/05/17 v1.26 bookmark driver for pdfTeX (HO)
\BKM@id=\count149
))
(c:/texlive/2017/texmf-dist/tex/generic/babel/babel.sty
Package: babel 2018/02/14 3.18 The Babel package

(c:/texlive/2017/texmf-dist/tex/generic/babel/switch.def
File: switch.def 2018/02/14 3.18 Babel switching mechanism
)
(c:/texlive/2017/texmf-dist/tex/generic/babel-english/english.ldf
Language: english 2017/06/06 v3.3r English support from the babel system

(c:/texlive/2017/texmf-dist/tex/generic/babel/babel.def
File: babel.def 2018/02/14 3.18 Babel common definitions
\babel@savecnt=\count150
\U@D=\dimen151

(c:/texlive/2017/texmf-dist/tex/generic/babel/txtbabel.def)
\bbl@dirlevel=\count151
)
\l@canadian = a dialect from \language\l@american 
\l@australian = a dialect from \language\l@british 
\l@newzealand = a dialect from \language\l@british 
)
(c:/texlive/2017/texmf-dist/tex/generic/babel-spanish/spanish.ldf
Language: spanish.ldf 2016/03/03 v5.0p Spanish support from the babel system
\es@quottoks=\toks23
\es@quotdepth=\count152
Package babel Info: Making " an active character on input line 561.
Package babel Info: Making . an active character on input line 662.
Package babel Info: Making < an active character on input line 707.
Package babel Info: Making > an active character on input line 707.
)
(c:/texlive/2017/texmf-dist/tex/generic/babel-portuges/portuges.ldf
Language: portuges 2008/03/18 v1.2q Portuguese support from the babel system
\l@brazil = a dialect from \language\l@portuges 
))
(c:/texlive/2017/texmf-dist/tex/latex/enumitem/enumitem.sty
Package: enumitem 2011/09/28 v3.5.2 Customized lists
\labelindent=\skip186
\enit@outerparindent=\dimen152
\enit@toks=\toks24
\enit@inbox=\box29
\enitdp@description=\count153
)
(c:/texlive/2017/texmf-dist/tex/latex/tools/calc.sty
Package: calc 2014/10/28 v4.3 Infix arithmetic (KKT,FJ)
\calc@Acount=\count154
\calc@Bcount=\count155
\calc@Adimen=\dimen153
\calc@Bdimen=\dimen154
\calc@Askip=\skip187
\calc@Bskip=\skip188
LaTeX Info: Redefining \setlength on input line 80.
LaTeX Info: Redefining \addtolength on input line 81.
\calc@Ccount=\count156
\calc@Cskip=\skip189
)

******************************************************
Stock height and width: 845.04684pt by 597.50787pt
Top and edge trims: 0pt and 0pt
Page height and width: 845.04684pt by 597.50787pt
Text height and width: 708pt by 455pt
Spine and edge margins: 85.35826pt and 56.9055pt
Upper and lower margins: 85.35826pt and 51.68858pt
Headheight and headsep: 14.5pt and 19.8738pt
Footskip: 30pt
Columnsep and columnseprule: 10pt and 0pt
Marginparsep and marginparwidth: 7pt and 42.9055pt
Sidecapsep and sidecapwidth: 7pt and 42pt
Sidebarhsep and sidebarwidth: 7pt and 42pt
Sidebarvsep and sidebartopsep: 14.5pt and 0pt
Sidebarheight: 590.14995pt
Sidefoothsep and sidefootwidth: 7pt and 42pt
Sidefootvsep and sidefootheight: 14.5pt and 590.14995pt
******************************************************

\c@abntex@bookmarkcounter=\count157
\cftlastnumwidth=\skip190
\chapternamenumlength=\skip191
\ABNTEXcitacaorecuo=\skip192
\c@alineasi=\count158
\c@alineasii=\count159
\enitdp@alineas=\count160
\c@subalineasi=\count161
\enitdp@subalineas=\count162
\c@incisosi=\count163
\enitdp@incisos=\count164
\ABNTEXsignwidth=\skip193
\ABNTEXsignthickness=\skip194
\ABNTEXsignskip=\skip256
) (c:/texlive/2017/texmf-dist/tex/latex/base/fontenc.sty
Package: fontenc 2017/04/05 v2.0i Standard LaTeX package

(c:/texlive/2017/texmf-dist/tex/latex/base/t1enc.def
File: t1enc.def 2017/04/05 v2.0i Standard LaTeX file
LaTeX Font Info:    Redeclaring font encoding T1 on input line 48.
))
(c:/texlive/2017/texmf-dist/tex/latex/base/inputenc.sty
Package: inputenc 2015/03/17 v1.2c Input encoding file
\inpenc@prehook=\toks25
\inpenc@posthook=\toks26

(c:/texlive/2017/texmf-dist/tex/latex/base/latin1.def
File: latin1.def 2015/03/17 v1.2c Input encoding file
))
(c:/texlive/2017/texmf-dist/tex/latex/glossaries/base/glossaries.sty
Package: glossaries 2017/11/14 v4.35 (NLCT)

(c:/texlive/2017/texmf-dist/tex/latex/xkeyval/xkeyval.sty
Package: xkeyval 2014/12/03 v2.7a package option processing (HA)

(c:/texlive/2017/texmf-dist/tex/generic/xkeyval/xkeyval.tex
(c:/texlive/2017/texmf-dist/tex/generic/xkeyval/xkvutils.tex
\XKV@toks=\toks27
\XKV@tempa@toks=\toks28
)
\XKV@depth=\count165
File: xkeyval.tex 2014/12/03 v2.7a key=value parser (HA)
))
(c:/texlive/2017/texmf-dist/tex/latex/mfirstuc/mfirstuc.sty
Package: mfirstuc 2017/11/14 v2.06 (NLCT)

(c:/texlive/2017/texmf-dist/tex/latex/etoolbox/etoolbox.sty
Package: etoolbox 2018/02/11 v2.5e e-TeX tools for LaTeX (JAW)
\etb@tempcnta=\count166
)
\@glsmfirst=\toks29
\@glsmrest=\toks30
)
(c:/texlive/2017/texmf-dist/tex/latex/xfor/xfor.sty
Package: xfor 2009/02/05 v1.05 (NLCT)
)
(c:/texlive/2017/texmf-dist/tex/latex/datatool/datatool-base.sty
Package: datatool-base 2017/11/12 v2.29 (NLCT)

(c:/texlive/2017/texmf-dist/tex/latex/amsmath/amsmath.sty
Package: amsmath 2017/09/02 v2.17a AMS math features
\@mathmargin=\skip257

For additional information on amsmath, use the `?' option.
(c:/texlive/2017/texmf-dist/tex/latex/amsmath/amstext.sty
Package: amstext 2000/06/29 v2.01 AMS text

(c:/texlive/2017/texmf-dist/tex/latex/amsmath/amsgen.sty
File: amsgen.sty 1999/11/30 v2.0 generic functions
\@emptytoks=\toks31
\ex@=\dimen155
))
(c:/texlive/2017/texmf-dist/tex/latex/amsmath/amsbsy.sty
Package: amsbsy 1999/11/29 v1.2d Bold Symbols
\pmbraise@=\dimen156
)
(c:/texlive/2017/texmf-dist/tex/latex/amsmath/amsopn.sty
Package: amsopn 2016/03/08 v2.02 operator names
)
\inf@bad=\count167
LaTeX Info: Redefining \frac on input line 213.
\uproot@=\count168
\leftroot@=\count169
LaTeX Info: Redefining \overline on input line 375.
\classnum@=\count170
\DOTSCASE@=\count171
LaTeX Info: Redefining \ldots on input line 472.
LaTeX Info: Redefining \dots on input line 475.
LaTeX Info: Redefining \cdots on input line 596.
\Mathstrutbox@=\box30
\strutbox@=\box31
\big@size=\dimen157
LaTeX Font Info:    Redeclaring font encoding OML on input line 712.
LaTeX Font Info:    Redeclaring font encoding OMS on input line 713.
\macc@depth=\count172
\c@MaxMatrixCols=\count173
\dotsspace@=\muskip11
\c@parentequation=\count174
\dspbrk@lvl=\count175
\tag@help=\toks32
\row@=\count176
\column@=\count177
\maxfields@=\count178
\andhelp@=\toks33
\eqnshift@=\dimen158
\alignsep@=\dimen159
\tagshift@=\dimen160
\tagwidth@=\dimen161
\totwidth@=\dimen162
\lineht@=\dimen163
\@envbody=\toks34
\multlinegap=\skip258
\multlinetaggap=\skip259
\mathdisplay@stack=\toks35
LaTeX Info: Redefining \[ on input line 2817.
LaTeX Info: Redefining \] on input line 2818.
)
(c:/texlive/2017/texmf-dist/tex/latex/substr/substr.sty
Package: substr 2009/10/20 v1.2 Handle substrings
\c@su@anzahl=\count179
)
(c:/texlive/2017/texmf-dist/tex/latex/datatool/datatool-fp.sty
Package: datatool-fp 2017/11/12 v2.29 (NLCT)

(c:/texlive/2017/texmf-dist/tex/latex/fp/fp.sty
Package: fp 1995/04/02

`Fixed Point Package', Version 0.8, April 2, 1995 (C) Michael Mehlich
(c:/texlive/2017/texmf-dist/tex/latex/fp/defpattern.sty
Package: defpattern 1994/10/12
\actioncount=\count180
)
(c:/texlive/2017/texmf-dist/tex/latex/fp/fp-basic.sty
Package: fp-basic 1996/05/13
\FP@xs=\count181
\FP@xia=\count182
\FP@xib=\count183
\FP@xfa=\count184
\FP@xfb=\count185
\FP@rega=\count186
\FP@regb=\count187
\FP@regs=\count188
\FP@times=\count189
)
(c:/texlive/2017/texmf-dist/tex/latex/fp/fp-addons.sty
Package: fp-addons 1995/03/15
)
(c:/texlive/2017/texmf-dist/tex/latex/fp/fp-snap.sty
Package: fp-snap 1995/04/05
)
(c:/texlive/2017/texmf-dist/tex/latex/fp/fp-exp.sty
Package: fp-exp 1995/04/03
)
(c:/texlive/2017/texmf-dist/tex/latex/fp/fp-trigo.sty
Package: fp-trigo 1995/04/14
)
(c:/texlive/2017/texmf-dist/tex/latex/fp/fp-pas.sty
Package: fp-pas 1994/08/29
)
(c:/texlive/2017/texmf-dist/tex/latex/fp/fp-random.sty
Package: fp-random 1995/02/23
\FPseed=\count190
)
(c:/texlive/2017/texmf-dist/tex/latex/fp/fp-eqn.sty
Package: fp-eqn 1995/04/03
)
(c:/texlive/2017/texmf-dist/tex/latex/fp/fp-upn.sty
Package: fp-upn 1996/10/21
)
(c:/texlive/2017/texmf-dist/tex/latex/fp/fp-eval.sty
Package: fp-eval 1995/04/03
)))
\@dtl@toks=\toks36
\@dtl@tmpcount=\count191
\dtl@tmplength=\skip260
\dtl@sortresult=\count192
\@dtl@numgrpsepcount=\count193
\@dtl@datatype=\count194
\dtl@codeA=\count266
\dtl@codeB=\count267
\@dtl@foreach@level=\count268
)
(c:/texlive/2017/texmf-dist/tex/latex/glossaries/base/glossaries-compatible-307
.sty
Package: glossaries-compatible-307 2017/11/14 v4.35 (NLCT)
) (c:/texlive/2017/texmf-dist/tex/latex/tracklang/tracklang.sty
Package: tracklang 2018/02/21 v1.3.5 (NLCT) Track Languages

(c:/texlive/2017/texmf-dist/tex/generic/tracklang/tracklang.tex))
(c:/texlive/2017/texmf-dist/tex/latex/translator/translator.sty
Package: translator 2018/01/04 v1.12 Easy translation of strings in LaTeX
)
(c:/texlive/2017/texmf-dist/tex/latex/glossaries-english/glossaries-english.ldf
File: glossaries-english.ldf 2014/11/23 v1.0
)
(c:/texlive/2017/texmf-dist/tex/latex/glossaries-spanish/glossaries-spanish.ldf
File: glossaries-spanish.ldf 2014/11/23 v1.0

(c:/texlive/2017/texmf-dist/tex/latex/glossaries-spanish/glossaries-spanish-noe
nc.ldf))
(c:/texlive/2017/texmf-dist/tex/latex/glossaries-portuges/glossaries-pt-BR.ldf
File: glossaries-pt-BR.ldf 2014/11/23 v1.0

(c:/texlive/2017/texmf-dist/tex/latex/glossaries-portuges/glossaries-portuges-n
oenc.ldf))
\gls@level=\count269
\@gls@tmpb=\toks37
\gls@tmplen=\skip261
\glskeylisttok=\toks38
\glslabeltok=\toks39
\glsshorttok=\toks40
\glslongtok=\toks41

(c:/texlive/2017/texmf-dist/tex/latex/glossaries/styles/glossary-hypernav.sty
Package: glossary-hypernav 2017/11/14 v4.35 (NLCT)
)
(c:/texlive/2017/texmf-dist/tex/latex/glossaries/styles/glossary-list.sty
Package: glossary-list 2017/11/14 v4.35 (NLCT)
\glslistdottedwidth=\skip262
)
(c:/texlive/2017/texmf-dist/tex/latex/glossaries/styles/glossary-long.sty
Package: glossary-long 2017/11/14 v4.35 (NLCT)

(c:/texlive/2017/texmf-dist/tex/latex/tools/longtable.sty
Package: longtable 2014/10/28 v4.11 Multi-page Table package (DPC)
\LTleft=\skip263
\LTright=\skip264
\LTpre=\skip265
\LTpost=\skip266
\LTchunksize=\count270
\LTcapwidth=\dimen164
\LT@head=\box32
\LT@firsthead=\box33
\LT@foot=\box34
\LT@lastfoot=\box35
\LT@cols=\count271
\LT@rows=\count272
\c@LT@tables=\count273
\c@LT@chunks=\count274
\LT@p@ftn=\toks42
)
\glsdescwidth=\skip267
\glspagelistwidth=\skip268
)
(c:/texlive/2017/texmf-dist/tex/latex/glossaries/styles/glossary-tree.sty
Package: glossary-tree 2017/11/14 v4.35 (NLCT)
\glstreeindent=\skip269
))
(c:/texlive/2017/texmf-dist/tex/latex/index/index.sty
Package: index 2004/01/20 v4.2beta Improved index support (dmj)
\@indexbox=\insert252
\indexproofstyle=\toks43


LaTeX Warning: Command \markboth  has changed.
               Check if current package is valid.


LaTeX Warning: Command \markright  has changed.
               Check if current package is valid.

) (c:/texlive/2017/texmf-dist/tex/latex/graphics/rotating.sty
Package: rotating 2016/08/11 v2.16d rotated objects in LaTeX

(c:/texlive/2017/texmf-dist/tex/latex/graphics/graphicx.sty
Package: graphicx 2017/06/01 v1.1a Enhanced LaTeX Graphics (DPC,SPQR)

(c:/texlive/2017/texmf-dist/tex/latex/graphics/graphics.sty
Package: graphics 2017/06/25 v1.2c Standard LaTeX Graphics (DPC,SPQR)

(c:/texlive/2017/texmf-dist/tex/latex/graphics/trig.sty
Package: trig 2016/01/03 v1.10 sin cos tan (DPC)
)
(c:/texlive/2017/texmf-dist/tex/latex/graphics-cfg/graphics.cfg
File: graphics.cfg 2016/06/04 v1.11 sample graphics configuration
)
Package graphics Info: Driver file: pdftex.def on input line 99.

(c:/texlive/2017/texmf-dist/tex/latex/graphics-def/pdftex.def
File: pdftex.def 2018/01/08 v1.0l Graphics/color driver for pdftex
))
\Gin@req@height=\dimen165
\Gin@req@width=\dimen166
)
\c@r@tfl@t=\count275
\rotFPtop=\skip270
\rotFPbot=\skip271
\rot@float@box=\box36
\rot@mess@toks=\toks44
)
(c:/texlive/2017/texmf-dist/tex/latex/caption/newfloat.sty
Package: newfloat 2015/09/17 v1.1-109 Defining new floating environments (AR)
)
(c:/texlive/2017/texmf-dist/tex/latex/multirow/multirow.sty
Package: multirow 2016/11/25 v2.2 Span multiple rows of a table
\multirow@colwidth=\skip272
\multirow@cntb=\count276
\multirow@dima=\skip273
\bigstrutjot=\dimen167
)
(c:/texlive/2017/texmf-dist/tex/latex/colortbl/colortbl.sty
Package: colortbl 2012/02/13 v1.0a Color table columns (DPC)

(c:/texlive/2017/texmf-dist/tex/latex/graphics/color.sty
Package: color 2016/07/10 v1.1e Standard LaTeX Color (DPC)

(c:/texlive/2017/texmf-dist/tex/latex/graphics-cfg/color.cfg
File: color.cfg 2016/01/02 v1.6 sample color configuration
)
Package color Info: Driver file: pdftex.def on input line 147.
)
\everycr=\toks45
\minrowclearance=\skip274
)
(c:/texlive/2017/texmf-dist/tex/latex/tools/hhline.sty
Package: hhline 2014/10/28 v2.03 Table rule package (DPC)
)
(c:/texlive/2017/texmf-dist/tex/latex/lastpage/lastpage.sty
Package: lastpage 2015/03/29 v1.2m Refers to last page's name (HMM; JPG)
)
(c:/texlive/2017/texmf-dist/tex/latex/bigfoot/perpage.sty
Package: perpage 2014/10/25 2.0 Reset/sort counters per page
\c@abspage=\count277
)
(c:/texlive/2017/texmf-dist/tex/latex/l3packages/xparse/xparse.sty
(c:/texlive/2017/texmf-dist/tex/latex/l3kernel/expl3.sty
Package: expl3 2018/02/21 L3 programming layer (loader) 

(c:/texlive/2017/texmf-dist/tex/latex/l3kernel/expl3-code.tex
Package: expl3 2018/02/21 L3 programming layer (code)
\c_max_int=\count278
\l_tmpa_int=\count279
\l_tmpb_int=\count280
\g_tmpa_int=\count281
\g_tmpb_int=\count282
\g__intarray_font_int=\count283
\g__prg_map_int=\count284
\c_log_iow=\count285
\l_iow_line_count_int=\count286
\l__iow_line_target_int=\count287
\l__iow_one_indent_int=\count288
\l__iow_indent_int=\count289
\c_zero_dim=\dimen168
\c_max_dim=\dimen169
\l_tmpa_dim=\dimen170
\l_tmpb_dim=\dimen171
\g_tmpa_dim=\dimen172
\g_tmpb_dim=\dimen173
\c_zero_skip=\skip275
\c_max_skip=\skip276
\l_tmpa_skip=\skip277
\l_tmpb_skip=\skip278
\g_tmpa_skip=\skip279
\g_tmpb_skip=\skip280
\c_zero_muskip=\muskip12
\c_max_muskip=\muskip13
\l_tmpa_muskip=\muskip14
\l_tmpb_muskip=\muskip15
\g_tmpa_muskip=\muskip16
\g_tmpb_muskip=\muskip17
\l_keys_choice_int=\count290
\c__fp_leading_shift_int=\count291
\c__fp_middle_shift_int=\count292
\c__fp_trailing_shift_int=\count293
\c__fp_big_leading_shift_int=\count294
\c__fp_big_middle_shift_int=\count295
\c__fp_big_trailing_shift_int=\count296
\c__fp_Bigg_leading_shift_int=\count297
\c__fp_Bigg_middle_shift_int=\count298
\c__fp_Bigg_trailing_shift_int=\count299
\c__fp_rand_size_int=\count300
\c__fp_rand_four_int=\count301
\c__fp_rand_eight_int=\count302
\l__sort_length_int=\count303
\l__sort_min_int=\count304
\l__sort_top_int=\count305
\l__sort_max_int=\count306
\l__sort_true_max_int=\count307
\l__sort_block_int=\count308
\l__sort_begin_int=\count309
\l__sort_end_int=\count310
\l__sort_A_int=\count311
\l__sort_B_int=\count312
\l__sort_C_int=\count313
\l__tl_build_start_index_int=\count314
\l__tl_build_index_int=\count315
\l__tl_analysis_normal_int=\count316
\l__tl_analysis_index_int=\count317
\l__tl_analysis_nesting_int=\count318
\l__tl_analysis_type_int=\count319
\l__regex_internal_a_int=\count320
\l__regex_internal_b_int=\count321
\l__regex_internal_c_int=\count322
\l__regex_balance_int=\count323
\l__regex_group_level_int=\count324
\l__regex_mode_int=\count325
\c__regex_cs_in_class_mode_int=\count326
\c__regex_cs_mode_int=\count327
\l__regex_catcodes_int=\count328
\l__regex_default_catcodes_int=\count329
\c__regex_catcode_D_int=\count330
\c__regex_catcode_S_int=\count331
\c__regex_catcode_L_int=\count332
\c__regex_catcode_O_int=\count333
\c__regex_catcode_A_int=\count334
\c__regex_all_catcodes_int=\count335
\l__regex_show_lines_int=\count336
\l__regex_min_state_int=\count337
\l__regex_max_state_int=\count338
\l__regex_left_state_int=\count339
\l__regex_right_state_int=\count340
\l__regex_capturing_group_int=\count341
\l__regex_min_pos_int=\count342
\l__regex_max_pos_int=\count343
\l__regex_curr_pos_int=\count344
\l__regex_start_pos_int=\count345
\l__regex_success_pos_int=\count346
\l__regex_curr_char_int=\count347
\l__regex_curr_catcode_int=\count348
\l__regex_last_char_int=\count349
\l__regex_case_changed_char_int=\count350
\l__regex_curr_state_int=\count351
\l__regex_step_int=\count352
\l__regex_min_active_int=\count353
\l__regex_max_active_int=\count354
\l__regex_replacement_csnames_int=\count355
\l__regex_match_count_int=\count356
\l__regex_min_submatch_int=\count357
\l__regex_submatch_int=\count358
\l__regex_zeroth_submatch_int=\count359
\g__regex_trace_regex_int=\count360
\c_empty_box=\box37
\l_tmpa_box=\box38
\l_tmpb_box=\box39
\g_tmpa_box=\box40
\g_tmpb_box=\box41
\l__box_top_dim=\dimen174
\l__box_bottom_dim=\dimen175
\l__box_left_dim=\dimen176
\l__box_right_dim=\dimen177
\l__box_top_new_dim=\dimen178
\l__box_bottom_new_dim=\dimen179
\l__box_left_new_dim=\dimen180
\l__box_right_new_dim=\dimen181
\l__box_internal_box=\box42
\l__coffin_internal_box=\box43
\l__coffin_internal_dim=\dimen182
\l__coffin_offset_x_dim=\dimen183
\l__coffin_offset_y_dim=\dimen184
\l__coffin_x_dim=\dimen185
\l__coffin_y_dim=\dimen186
\l__coffin_x_prime_dim=\dimen187
\l__coffin_y_prime_dim=\dimen188
\c_empty_coffin=\box44
\l__coffin_aligned_coffin=\box45
\l__coffin_aligned_internal_coffin=\box46
\l_tmpa_coffin=\box47
\l_tmpb_coffin=\box48
\l__coffin_display_coffin=\box49
\l__coffin_display_coord_coffin=\box50
\l__coffin_display_pole_coffin=\box51
\l__coffin_display_offset_dim=\dimen189
\l__coffin_display_x_dim=\dimen190
\l__coffin_display_y_dim=\dimen191
\l__coffin_bounding_shift_dim=\dimen192
\l__coffin_left_corner_dim=\dimen193
\l__coffin_right_corner_dim=\dimen194
\l__coffin_bottom_corner_dim=\dimen256
\l__coffin_top_corner_dim=\dimen257
\l__coffin_scaled_total_height_dim=\dimen258
\l__coffin_scaled_width_dim=\dimen259
)
(c:/texlive/2017/texmf-dist/tex/latex/l3kernel/l3pdfmode.def
File: l3pdfmode.def 2017/03/18 v L3 Experimental driver: PDF mode
\l__driver_color_stack_int=\count361
\l__driver_tmp_box=\box52
))
Package: xparse 2018/02/21 L3 Experimental document command parser
\l__xparse_current_arg_int=\count362
\g__xparse_grabber_int=\count363
\l__xparse_m_args_int=\count364
\l__xparse_mandatory_args_int=\count365
\l__xparse_v_nesting_int=\count366
)
(c:/texlive/2017/texmf-dist/tex/latex/fancyhdr/fancyhdr.sty
Package: fancyhdr 2017/06/30 v3.9a Extensive control of page headers and footer
s
\f@nch@headwidth=\skip281
\f@nch@O@elh=\skip282
\f@nch@O@erh=\skip283
\f@nch@O@olh=\skip284
\f@nch@O@orh=\skip285
\f@nch@O@elf=\skip286
\f@nch@O@erf=\skip287
\f@nch@O@olf=\skip288
\f@nch@O@orf=\skip289
)
(c:/texlive/2017/texmf-dist/tex/latex/koma-script/typearea.sty
Package: typearea 2017/09/07 v3.24 KOMA-Script package (type area)

(c:/texlive/2017/texmf-dist/tex/latex/koma-script/scrkbase.sty
Package: scrkbase 2017/09/07 v3.24 KOMA-Script package (KOMA-Script-dependent b
asics and keyval usage)

(c:/texlive/2017/texmf-dist/tex/latex/koma-script/scrbase.sty
Package: scrbase 2017/09/07 v3.24 KOMA-Script package (KOMA-Script-independent 
basics and keyval usage)

(c:/texlive/2017/texmf-dist/tex/latex/koma-script/scrlfile.sty
Package: scrlfile 2017/09/07 v3.24 KOMA-Script package (loading files)


LaTeX Warning: Command \InputIfFileExists  has changed.
               Check if current package is valid.

)))
\ta@bcor=\skip290
\ta@div=\count367
Package typearea Info: You've used standard option `oneside'.
(typearea)             This is correct!
(typearea)             Internally I'm using `twoside=false'.
(typearea)             If you'd like to set the option with \KOMAoptions,
(typearea)             you'd have to use `twoside=false' there
(typearea)             instead of `oneside', too.
Package typearea Info: You've used standard option `a4paper'.
(typearea)             This is correct!
(typearea)             Internally I'm using `paper=a4'.
(typearea)             If you'd like to set the option with \KOMAoptions,
(typearea)             you'd have to use `paper=a4' there
(typearea)             instead of `a4paper', too.
\ta@hblk=\skip291
\ta@vblk=\skip292
\ta@temp=\skip293
\footheight=\skip294
Package typearea Info: These are the values describing the layout:
(typearea)             DIV  = 12
(typearea)             BCOR = 0.0pt
(typearea)             \paperwidth      = 597.50793pt
(typearea)              \textwidth      = 448.13095pt
(typearea)              DIV departure   = -6%
(typearea)              \evensidemargin = 2.4185pt
(typearea)              \oddsidemargin  = 2.4185pt
(typearea)             \paperheight     = 845.04694pt
(typearea)              \textheight     = 641.80614pt
(typearea)              \topmargin      = -51.33417pt
(typearea)              \headheight     = 22.49307pt
(typearea)              \headsep        = 26.99168pt
(typearea)              \topskip        = 12.0pt
(typearea)              \footskip       = 62.9806pt
(typearea)              \baselineskip   = 17.99446pt
(typearea)              on input line 1686.
) (c:/texlive/2017/texmf-dist/tex/latex/geometry/geometry.sty
Package: geometry 2010/09/12 v5.6 Page Geometry
\Gm@cnth=\count368
\Gm@cntv=\count369
\c@Gm@tempcnt=\count370
\Gm@bindingoffset=\dimen260
\Gm@wd@mp=\dimen261
\Gm@odd@mp=\dimen262
\Gm@even@mp=\dimen263
\Gm@layoutwidth=\dimen264
\Gm@layoutheight=\dimen265
\Gm@layouthoffset=\dimen266
\Gm@layoutvoffset=\dimen267
\Gm@dimlist=\toks46
)
(c:/texlive/2017/texmf-dist/tex/latex/xcolor/xcolor.sty
Package: xcolor 2016/05/11 v2.12 LaTeX color extensions (UK)

(c:/texlive/2017/texmf-dist/tex/latex/graphics-cfg/color.cfg
File: color.cfg 2016/01/02 v1.6 sample color configuration
)
Package xcolor Info: Driver file: pdftex.def on input line 225.
LaTeX Info: Redefining \color on input line 709.
Package xcolor Info: Model `cmy' substituted by `cmy0' on input line 1348.
Package xcolor Info: Model `hsb' substituted by `rgb' on input line 1352.
Package xcolor Info: Model `RGB' extended on input line 1364.
Package xcolor Info: Model `HTML' substituted by `rgb' on input line 1366.
Package xcolor Info: Model `Hsb' substituted by `hsb' on input line 1367.
Package xcolor Info: Model `tHsb' substituted by `hsb' on input line 1368.
Package xcolor Info: Model `HSB' substituted by `hsb' on input line 1369.
Package xcolor Info: Model `Gray' substituted by `gray' on input line 1370.
Package xcolor Info: Model `wave' substituted by `hsb' on input line 1371.
)
(c:/texlive/2017/texmf-dist/tex/latex/morewrites/morewrites.sty
(c:/texlive/2017/texmf-dist/tex/latex/morewrites/primargs.sty
Package: primargs 2017/04/10 Parsing arguments of primitives
)
Package: morewrites 2017/04/20 Always room for a new write
\g__morewrites_later_int=\count371
\l__morewrites_user_int=\count372
\g__morewrites_iow=\write4
\g__morewrites_ior=\read2
\g__morewrites_group_level_int=\count373
\g__morewrites_shipout_box=\box53
\l__morewrites_collect_next_int=\count374
\g__morewrites_alloc_write_int=\count375
)
(c:/texlive/2017/texmf-dist/tex/latex/tools/multicol.sty
Package: multicol 2017/04/11 v1.8q multicolumn formatting (FMi)
\c@tracingmulticols=\count376
\mult@box=\box54
\multicol@leftmargin=\dimen268
\c@unbalance=\count377
\c@collectmore=\count378
\doublecol@number=\count379
\multicoltolerance=\count380
\multicolpretolerance=\count381
\full@width=\dimen269
\page@free=\dimen270
\premulticols=\dimen271
\postmulticols=\dimen272
\multicolsep=\skip295
\multicolbaselineskip=\skip296
\partial@page=\box55
\last@line=\box56
\maxbalancingoverflow=\dimen273
\mult@rightbox=\box57
\mult@grightbox=\box58
\mult@gfirstbox=\box59
\mult@firstbox=\box60
\@tempa=\box61
\@tempa=\box62
\@tempa=\box63
\@tempa=\box64
\@tempa=\box65
\@tempa=\box66
\@tempa=\box67
\@tempa=\box68
\@tempa=\box69
\@tempa=\box70
\@tempa=\box71
\@tempa=\box72
\@tempa=\box73
\@tempa=\box74
\@tempa=\box75
\@tempa=\box76
\@tempa=\box77
\c@columnbadness=\count382
\c@finalcolumnbadness=\count383
\last@try=\dimen274
\multicolovershoot=\dimen275
\multicolundershoot=\dimen276
\mult@nat@firstbox=\box78
\colbreak@box=\box79
\mc@col@check@num=\count384
)
(c:/texlive/2017/texmf-dist/tex/latex/microtype/microtype.sty
Package: microtype 2018/01/14 v2.7a Micro-typographical refinements (RS)
\MT@toks=\toks47
\MT@count=\count385
LaTeX Info: Redefining \textls on input line 793.
\MT@outer@kern=\dimen277
LaTeX Info: Redefining \textmicrotypecontext on input line 1339.
\MT@listname@count=\count386

(c:/texlive/2017/texmf-dist/tex/latex/microtype/microtype-pdftex.def
File: microtype-pdftex.def 2018/01/14 v2.7a Definitions specific to pdftex (RS)

LaTeX Info: Redefining \lsstyle on input line 913.
LaTeX Info: Redefining \lslig on input line 913.
\MT@outer@space=\skip297
)
Package microtype Info: Loading configuration file microtype.cfg.

(c:/texlive/2017/texmf-dist/tex/latex/microtype/microtype.cfg
File: microtype.cfg 2018/01/14 v2.7a microtype main configuration file (RS)
))
(c:/texlive/2017/texmf-dist/tex/latex/breakurl/breakurl.sty
Package: breakurl 2013/04/10 v1.40 Breakable hyperref URLs


Package breakurl Warning: You are using breakurl while processing via pdflatex.

(breakurl)                \burl will be just a synonym of \url.
(breakurl)                 on input line 48.

) (c:/texlive/2017/texmf-dist/tex/latex/carlisle/remreset.sty)
(c:/texlive/2017/texmf-dist/tex/latex/hyperref/backref.sty
Package: backref 2016/05/21 v1.39 Bibliographical back referencing
)
(c:/texlive/2017/texmf-dist/tex/latex/abntex2/abntex2cite.sty
Package: abntex2cite 2016/02/26 v-1.9.6 abnTeX2

(c:/texlive/2017/texmf-dist/tex/latex/abntex2/abntex2abrev.sty)
(c:/texlive/2017/texmf-dist/tex/latex/setspace/setspace.sty
Package: setspace 2011/12/19 v6.7a set line spacing
)
\minimumbiblabelwidth=\skip298
\ABCIauxlen=\skip299
\c@ABCIaux=\count387
\c@ABCImax=\count388

(c:/texlive/2017/texmf-dist/tex/latex/relsize/relsize.sty
Package: relsize 2013/03/29 ver 4.1
)
\biblabelsep=\skip300
LaTeX Info: Redefining \newblock on input line 591.
LaTeX Info: Redefining \cite on input line 618.
\ABCItoken=\toks48
)
Package hyperref Info: Option `colorlinks' set `true' on input line 126.

(c:/texlive/2017/texmf-dist/tex/latex/nomencl/nomencl.sty
Package: nomencl 2005/09/22 v4.2 Nomenclature package (LN)
\nomlabelwidth=\dimen278
\nom@tempdim=\dimen279
\nomitemsep=\skip301
)
(c:/texlive/2017/texmf-dist/tex/latex/caption/caption.sty
Package: caption 2016/02/21 v3.3-144 Customizing captions (AR)

(c:/texlive/2017/texmf-dist/tex/latex/caption/caption3.sty
Package: caption3 2016/05/22 v1.7-166 caption3 kernel (AR)
Package caption3 Info: TeX engine: e-TeX on input line 67.
\captionmargin=\dimen280
\captionmargin@=\dimen281
\captionwidth=\dimen282
\caption@tempdima=\dimen283
\caption@indent=\dimen284
\caption@parindent=\dimen285
\caption@hangindent=\dimen286
Package caption Info: Unknown document class (or package),
(caption)             standard defaults will be used.
)

Package caption Warning: Unsupported document class (or package) detected,
(caption)                usage of the caption package is not recommended.
See the caption package documentation for explanation.

Package caption Info: \@makecaption = \long macro:#1#2->\let \@memtempa \relax 
\ifdim \prevdepth >-99\p@ \vskip \abovecaptionskip \else \def \@memtempa {\vbox
 to\topskip {}}\fi \@@makecaption {#1}{#2}\vskip \belowcaptionskip .
\c@ContinuedFloat=\count389
Package caption Info: hyperref package is loaded.
Package caption Info: longtable package is loaded.
(c:/texlive/2017/texmf-dist/tex/latex/caption/ltcaption.sty
Package: ltcaption 2013/06/09 v1.4-94 longtable captions (AR)
)
Package caption Info: rotating package is loaded.
)
(c:/texlive/2017/texmf-dist/tex/latex/listings/listings.sty
\lst@mode=\count390
\lst@gtempboxa=\box80
\lst@token=\toks49
\lst@length=\count391
\lst@currlwidth=\dimen287
\lst@column=\count392
\lst@pos=\count393
\lst@lostspace=\dimen288
\lst@width=\dimen289
\lst@newlines=\count394
\lst@lineno=\count395
\lst@maxwidth=\dimen290

(c:/texlive/2017/texmf-dist/tex/latex/listings/lstmisc.sty
File: lstmisc.sty 2015/06/04 1.6 (Carsten Heinz)
\c@lstnumber=\count396
\lst@skipnumbers=\count397
\lst@framebox=\box81
)
(c:/texlive/2017/texmf-dist/tex/latex/listings/listings.cfg
File: listings.cfg 2015/06/04 1.6 listings configuration
))
Package: listings 2015/06/04 1.6 (Carsten Heinz)

(c:/texlive/2017/texmf-dist/tex/latex/algorithms/algorithmic.sty
Package: algorithmic 2009/08/24 v0.1 Document Style `algorithmic'
\c@ALC@unique=\count398
\c@ALC@line=\count399
\c@ALC@rem=\count400
\c@ALC@depth=\count401
\ALC@tlm=\skip302
\algorithmicindent=\skip303
)
\UTFPRsignwidth=\skip304
\UTFPRsignthickness=\skip305
\UTFPRsignskip=\skip306

(c:/texlive/2017/texmf-dist/tex/latex/tools/indentfirst.sty
Package: indentfirst 1995/11/23 v1.03 Indent first paragraph (DPC)
)
\siglawidth=\skip307
\siglamaxwidth=\skip308
\simbwidth=\skip309
\simbmaxwidth=\skip310
\abrevwidth=\skip311
\abrevmaxwidth=\skip312
\c@nrobanca=\count402
\linha=\skip313
\c@qdrdepth=\count403
\c@quadro=\count404
\cftbeforequadroskip=\skip314
\cftquadroindent=\skip315
\cftquadronumwidth=\skip316
\c@grfdepth=\count405
\c@grafico=\count406
\cftbeforegraficoskip=\skip317
\cftgraficoindent=\skip318
\cftgraficonumwidth=\skip319
\c@ftgdepth=\count407
\c@foto=\count408
\cftbeforefotoskip=\skip320
\cftfotoindent=\skip321
\cftfotonumwidth=\skip322
\c@flxdepth=\count409
\c@fluxo=\count410
\cftbeforefluxoskip=\skip323
\cftfluxoindent=\skip324
\cftfluxonumwidth=\skip325
\c@loadepth=\count411
\c@algorithm=\count412
\cftbeforealgorithmskip=\skip326
\cftalgorithmindent=\skip327
\cftalgorithmnumwidth=\skip328
\cftbeforelstlistingskip=\skip329
\cftlstlistingindent=\skip330
\cftlstlistingnumwidth=\skip331
\idxtitle@abrevia=\toks50
\tf@abrevia=\write19
\openout4 = `modelo_dissertacao.abreviax'.

Package index Info: Writing index file modelo_dissertacao.abreviax on input lin
e 1589.
\idxtitle@acron=\toks51
\tf@acron=\write20
\openout4 = `modelo_dissertacao.acronx'.

Package index Info: Writing index file modelo_dissertacao.acronx on input line 
1618.
\tmplen=\skip332
\widestchapter=\skip333
\widestsection=\skip334
\widestsubsection=\skip335
\widestsubsubsection=\skip336
\widestparagraph=\skip337
\cftnumpad=\skip338
\c@absfigure=\count413
\c@abstable=\count414
\c@absequation=\count415
)
(c:/texlive/2017/texmf-dist/tex/latex/amsfonts/amsfonts.sty
Package: amsfonts 2013/01/14 v3.01 Basic AMSFonts support
\symAMSa=\mathgroup4
\symAMSb=\mathgroup5
LaTeX Font Info:    Overwriting math alphabet `\mathfrak' in version `bold'
(Font)                  U/euf/m/n --> U/euf/b/n on input line 106.
)
(c:/texlive/2017/texmf-dist/tex/latex/amsfonts/amssymb.sty
Package: amssymb 2013/01/14 v3.01 AMS font symbols
)
(c:/texlive/2017/texmf-dist/tex/latex/amscls/amsthm.sty
Package: amsthm 2017/10/31 v2.20.4
\thm@style=\toks52
\thm@bodyfont=\toks53
\thm@headfont=\toks54
\thm@notefont=\toks55
\thm@headpunct=\toks56
\thm@preskip=\skip339
\thm@postskip=\skip340
\thm@headsep=\skip341
\dth@everypar=\toks57
)
(c:/texlive/2017/texmf-dist/tex/latex/footmisc/footmisc.sty
Package: footmisc 2011/06/06 v5.5b a miscellany of footnote facilities
\FN@temptoken=\toks58
\footnotemargin=\dimen291


LaTeX Warning: Command \@makecol  has changed.
               Check if current package is valid.

\c@pp@next@reset=\count416
Package footmisc Info: Declaring symbol style bringhurst on input line 855.
Package footmisc Info: Declaring symbol style chicago on input line 863.
Package footmisc Info: Declaring symbol style wiley on input line 872.
Package footmisc Info: Declaring symbol style lamport-robust on input line 883.

Package footmisc Info: Declaring symbol style lamport* on input line 903.
Package footmisc Info: Declaring symbol style lamport*-robust on input line 924
.
) (c:/texlive/2017/texmf-dist/tex/latex/subfig/subfig.sty
Package: subfig 2005/06/28 ver: 1.3 subfig package
\c@KVtest=\count417
\sf@farskip=\skip342
\sf@captopadj=\dimen292
\sf@capskip=\skip343
\sf@nearskip=\skip344
\c@subfigure=\count418
\c@subfigure@save=\count419
\c@subtable=\count420
\c@subtable@save=\count421
\sf@top=\skip345
\sf@bottom=\skip346
)
(c:/texlive/2017/texmf-dist/tex/latex/threeparttable/threeparttable.sty
Package: threeparttable 2003/06/13  v 3.0
\@tempboxb=\box82
)
(c:/texlive/2017/texmf-dist/tex/latex/float/float.sty
Package: float 2001/11/08 v1.3d Float enhancements (AL)
\c@float@type=\count422
\float@exts=\toks59


! LaTeX Error: Command \newfloat already defined.
               Or name \end... illegal, see p.192 of the manual.

See the LaTeX manual or LaTeX Companion for explanation.
Type  H <return>  for immediate help.
 ...                                              
                                                  
l.68       {}}}
               
Your command was ignored.
Type  I <command> <return>  to replace it with another command,
or  <return>  to continue without it.

\float@box=\box83
\@float@everytoks=\toks60
\@floatcapt=\box84
) (c:/texlive/2017/texmf-dist/tex/latex/pgfgantt/pgfgantt.sty
Package: pgfgantt 2018/01/10 v5.0 Draw Gantt diagrams with TikZ

(c:/texlive/2017/texmf-dist/tex/latex/pgf/frontendlayer/tikz.sty
(c:/texlive/2017/texmf-dist/tex/latex/pgf/basiclayer/pgf.sty
(c:/texlive/2017/texmf-dist/tex/latex/pgf/utilities/pgfrcs.sty
(c:/texlive/2017/texmf-dist/tex/generic/pgf/utilities/pgfutil-common.tex
\pgfutil@everybye=\toks61
\pgfutil@tempdima=\dimen293
\pgfutil@tempdimb=\dimen294

(c:/texlive/2017/texmf-dist/tex/generic/pgf/utilities/pgfutil-common-lists.tex)
) (c:/texlive/2017/texmf-dist/tex/generic/pgf/utilities/pgfutil-latex.def
\pgfutil@abb=\box85

(c:/texlive/2017/texmf-dist/tex/latex/ms/everyshi.sty
Package: everyshi 2001/05/15 v3.00 EveryShipout Package (MS)
))
(c:/texlive/2017/texmf-dist/tex/generic/pgf/utilities/pgfrcs.code.tex
Package: pgfrcs 2015/08/07 v3.0.1a (rcs-revision 1.31)
))
Package: pgf 2015/08/07 v3.0.1a (rcs-revision 1.15)

(c:/texlive/2017/texmf-dist/tex/latex/pgf/basiclayer/pgfcore.sty
(c:/texlive/2017/texmf-dist/tex/latex/pgf/systemlayer/pgfsys.sty
(c:/texlive/2017/texmf-dist/tex/generic/pgf/systemlayer/pgfsys.code.tex
Package: pgfsys 2014/07/09 v3.0.1a (rcs-revision 1.48)

(c:/texlive/2017/texmf-dist/tex/generic/pgf/utilities/pgfkeys.code.tex
\pgfkeys@pathtoks=\toks62
\pgfkeys@temptoks=\toks63

(c:/texlive/2017/texmf-dist/tex/generic/pgf/utilities/pgfkeysfiltered.code.tex
\pgfkeys@tmptoks=\toks64
))
\pgf@x=\dimen295
\pgf@y=\dimen296
\pgf@xa=\dimen297
\pgf@ya=\dimen298
\pgf@xb=\dimen299
\pgf@yb=\dimen300
\pgf@xc=\dimen301
\pgf@yc=\dimen302
\w@pgf@writea=\write21
\r@pgf@reada=\read3
\c@pgf@counta=\count423
\c@pgf@countb=\count424
\c@pgf@countc=\count425
\c@pgf@countd=\count426
\t@pgf@toka=\toks65
\t@pgf@tokb=\toks66
\t@pgf@tokc=\toks67
 (c:/texlive/2017/texmf-dist/tex/generic/pgf/systemlayer/pgf.cfg
File: pgf.cfg 2008/05/14  (rcs-revision 1.7)
)
Driver file for pgf: pgfsys-pdftex.def

(c:/texlive/2017/texmf-dist/tex/generic/pgf/systemlayer/pgfsys-pdftex.def
File: pgfsys-pdftex.def 2014/10/11  (rcs-revision 1.35)

(c:/texlive/2017/texmf-dist/tex/generic/pgf/systemlayer/pgfsys-common-pdf.def
File: pgfsys-common-pdf.def 2013/10/10  (rcs-revision 1.13)
)))
(c:/texlive/2017/texmf-dist/tex/generic/pgf/systemlayer/pgfsyssoftpath.code.tex
File: pgfsyssoftpath.code.tex 2013/09/09  (rcs-revision 1.9)
\pgfsyssoftpath@smallbuffer@items=\count427
\pgfsyssoftpath@bigbuffer@items=\count428
)
(c:/texlive/2017/texmf-dist/tex/generic/pgf/systemlayer/pgfsysprotocol.code.tex
File: pgfsysprotocol.code.tex 2006/10/16  (rcs-revision 1.4)
)) (c:/texlive/2017/texmf-dist/tex/generic/pgf/basiclayer/pgfcore.code.tex
Package: pgfcore 2010/04/11 v3.0.1a (rcs-revision 1.7)

(c:/texlive/2017/texmf-dist/tex/generic/pgf/math/pgfmath.code.tex
(c:/texlive/2017/texmf-dist/tex/generic/pgf/math/pgfmathcalc.code.tex
(c:/texlive/2017/texmf-dist/tex/generic/pgf/math/pgfmathutil.code.tex)
(c:/texlive/2017/texmf-dist/tex/generic/pgf/math/pgfmathparser.code.tex
\pgfmath@dimen=\dimen303
\pgfmath@count=\count429
\pgfmath@box=\box86
\pgfmath@toks=\toks68
\pgfmath@stack@operand=\toks69
\pgfmath@stack@operation=\toks70
)
(c:/texlive/2017/texmf-dist/tex/generic/pgf/math/pgfmathfunctions.code.tex
(c:/texlive/2017/texmf-dist/tex/generic/pgf/math/pgfmathfunctions.basic.code.te
x)
(c:/texlive/2017/texmf-dist/tex/generic/pgf/math/pgfmathfunctions.trigonometric
.code.tex)
(c:/texlive/2017/texmf-dist/tex/generic/pgf/math/pgfmathfunctions.random.code.t
ex)
(c:/texlive/2017/texmf-dist/tex/generic/pgf/math/pgfmathfunctions.comparison.co
de.tex)
(c:/texlive/2017/texmf-dist/tex/generic/pgf/math/pgfmathfunctions.base.code.tex
)
(c:/texlive/2017/texmf-dist/tex/generic/pgf/math/pgfmathfunctions.round.code.te
x)
(c:/texlive/2017/texmf-dist/tex/generic/pgf/math/pgfmathfunctions.misc.code.tex
)
(c:/texlive/2017/texmf-dist/tex/generic/pgf/math/pgfmathfunctions.integerarithm
etics.code.tex)))
(c:/texlive/2017/texmf-dist/tex/generic/pgf/math/pgfmathfloat.code.tex
\c@pgfmathroundto@lastzeros=\count430
))
(c:/texlive/2017/texmf-dist/tex/generic/pgf/basiclayer/pgfcorepoints.code.tex
File: pgfcorepoints.code.tex 2013/10/07  (rcs-revision 1.27)
\pgf@picminx=\dimen304
\pgf@picmaxx=\dimen305
\pgf@picminy=\dimen306
\pgf@picmaxy=\dimen307
\pgf@pathminx=\dimen308
\pgf@pathmaxx=\dimen309
\pgf@pathminy=\dimen310
\pgf@pathmaxy=\dimen311
\pgf@xx=\dimen312
\pgf@xy=\dimen313
\pgf@yx=\dimen314
\pgf@yy=\dimen315
\pgf@zx=\dimen316
\pgf@zy=\dimen317
)
(c:/texlive/2017/texmf-dist/tex/generic/pgf/basiclayer/pgfcorepathconstruct.cod
e.tex
File: pgfcorepathconstruct.code.tex 2013/10/07  (rcs-revision 1.29)
\pgf@path@lastx=\dimen318
\pgf@path@lasty=\dimen319
)
(c:/texlive/2017/texmf-dist/tex/generic/pgf/basiclayer/pgfcorepathusage.code.te
x
File: pgfcorepathusage.code.tex 2014/11/02  (rcs-revision 1.24)
\pgf@shorten@end@additional=\dimen320
\pgf@shorten@start@additional=\dimen321
)
(c:/texlive/2017/texmf-dist/tex/generic/pgf/basiclayer/pgfcorescopes.code.tex
File: pgfcorescopes.code.tex 2015/05/08  (rcs-revision 1.46)
\pgfpic=\box87
\pgf@hbox=\box88
\pgf@layerbox@main=\box89
\pgf@picture@serial@count=\count431
)
(c:/texlive/2017/texmf-dist/tex/generic/pgf/basiclayer/pgfcoregraphicstate.code
.tex
File: pgfcoregraphicstate.code.tex 2014/11/02  (rcs-revision 1.12)
\pgflinewidth=\dimen322
)
(c:/texlive/2017/texmf-dist/tex/generic/pgf/basiclayer/pgfcoretransformations.c
ode.tex
File: pgfcoretransformations.code.tex 2015/08/07  (rcs-revision 1.20)
\pgf@pt@x=\dimen323
\pgf@pt@y=\dimen324
\pgf@pt@temp=\dimen325
)
(c:/texlive/2017/texmf-dist/tex/generic/pgf/basiclayer/pgfcorequick.code.tex
File: pgfcorequick.code.tex 2008/10/09  (rcs-revision 1.3)
)
(c:/texlive/2017/texmf-dist/tex/generic/pgf/basiclayer/pgfcoreobjects.code.tex
File: pgfcoreobjects.code.tex 2006/10/11  (rcs-revision 1.2)
)
(c:/texlive/2017/texmf-dist/tex/generic/pgf/basiclayer/pgfcorepathprocessing.co
de.tex
File: pgfcorepathprocessing.code.tex 2013/09/09  (rcs-revision 1.9)
)
(c:/texlive/2017/texmf-dist/tex/generic/pgf/basiclayer/pgfcorearrows.code.tex
File: pgfcorearrows.code.tex 2015/05/14  (rcs-revision 1.43)
\pgfarrowsep=\dimen326
)
(c:/texlive/2017/texmf-dist/tex/generic/pgf/basiclayer/pgfcoreshade.code.tex
File: pgfcoreshade.code.tex 2013/07/15  (rcs-revision 1.15)
\pgf@max=\dimen327
\pgf@sys@shading@range@num=\count432
)
(c:/texlive/2017/texmf-dist/tex/generic/pgf/basiclayer/pgfcoreimage.code.tex
File: pgfcoreimage.code.tex 2013/07/15  (rcs-revision 1.18)

(c:/texlive/2017/texmf-dist/tex/generic/pgf/basiclayer/pgfcoreexternal.code.tex
File: pgfcoreexternal.code.tex 2014/07/09  (rcs-revision 1.21)
\pgfexternal@startupbox=\box90
))
(c:/texlive/2017/texmf-dist/tex/generic/pgf/basiclayer/pgfcorelayers.code.tex
File: pgfcorelayers.code.tex 2013/07/18  (rcs-revision 1.7)
)
(c:/texlive/2017/texmf-dist/tex/generic/pgf/basiclayer/pgfcoretransparency.code
.tex
File: pgfcoretransparency.code.tex 2013/09/30  (rcs-revision 1.5)
)
(c:/texlive/2017/texmf-dist/tex/generic/pgf/basiclayer/pgfcorepatterns.code.tex
File: pgfcorepatterns.code.tex 2013/11/07  (rcs-revision 1.5)
)))
(c:/texlive/2017/texmf-dist/tex/generic/pgf/modules/pgfmoduleshapes.code.tex
File: pgfmoduleshapes.code.tex 2014/03/21  (rcs-revision 1.35)
\pgfnodeparttextbox=\box91
)
(c:/texlive/2017/texmf-dist/tex/generic/pgf/modules/pgfmoduleplot.code.tex
File: pgfmoduleplot.code.tex 2015/08/03  (rcs-revision 1.13)
)
(c:/texlive/2017/texmf-dist/tex/latex/pgf/compatibility/pgfcomp-version-0-65.st
y
Package: pgfcomp-version-0-65 2007/07/03 v3.0.1a (rcs-revision 1.7)
\pgf@nodesepstart=\dimen328
\pgf@nodesepend=\dimen329
)
(c:/texlive/2017/texmf-dist/tex/latex/pgf/compatibility/pgfcomp-version-1-18.st
y
Package: pgfcomp-version-1-18 2007/07/23 v3.0.1a (rcs-revision 1.1)
)) (c:/texlive/2017/texmf-dist/tex/latex/pgf/utilities/pgffor.sty
(c:/texlive/2017/texmf-dist/tex/latex/pgf/utilities/pgfkeys.sty
(c:/texlive/2017/texmf-dist/tex/generic/pgf/utilities/pgfkeys.code.tex))
(c:/texlive/2017/texmf-dist/tex/latex/pgf/math/pgfmath.sty
(c:/texlive/2017/texmf-dist/tex/generic/pgf/math/pgfmath.code.tex))
(c:/texlive/2017/texmf-dist/tex/generic/pgf/utilities/pgffor.code.tex
Package: pgffor 2013/12/13 v3.0.1a (rcs-revision 1.25)

(c:/texlive/2017/texmf-dist/tex/generic/pgf/math/pgfmath.code.tex)
\pgffor@iter=\dimen330
\pgffor@skip=\dimen331
\pgffor@stack=\toks71
\pgffor@toks=\toks72
))
(c:/texlive/2017/texmf-dist/tex/generic/pgf/frontendlayer/tikz/tikz.code.tex
Package: tikz 2015/08/07 v3.0.1a (rcs-revision 1.151)

(c:/texlive/2017/texmf-dist/tex/generic/pgf/libraries/pgflibraryplothandlers.co
de.tex
File: pgflibraryplothandlers.code.tex 2013/08/31 v3.0.1a (rcs-revision 1.20)
\pgf@plot@mark@count=\count433
\pgfplotmarksize=\dimen332
)
\tikz@lastx=\dimen333
\tikz@lasty=\dimen334
\tikz@lastxsaved=\dimen335
\tikz@lastysaved=\dimen336
\tikzleveldistance=\dimen337
\tikzsiblingdistance=\dimen338
\tikz@figbox=\box92
\tikz@figbox@bg=\box93
\tikz@tempbox=\box94
\tikz@tempbox@bg=\box95
\tikztreelevel=\count434
\tikznumberofchildren=\count435
\tikznumberofcurrentchild=\count436
\tikz@fig@count=\count437

(c:/texlive/2017/texmf-dist/tex/generic/pgf/modules/pgfmodulematrix.code.tex
File: pgfmodulematrix.code.tex 2013/09/17  (rcs-revision 1.8)
\pgfmatrixcurrentrow=\count438
\pgfmatrixcurrentcolumn=\count439
\pgf@matrix@numberofcolumns=\count440
)
\tikz@expandcount=\count441

(c:/texlive/2017/texmf-dist/tex/generic/pgf/frontendlayer/tikz/libraries/tikzli
brarytopaths.code.tex
File: tikzlibrarytopaths.code.tex 2008/06/17 v3.0.1a (rcs-revision 1.2)
)))
(c:/texlive/2017/texmf-dist/tex/generic/pgf/frontendlayer/tikz/libraries/tikzli
braryarrows.code.tex
File: tikzlibraryarrows.code.tex 2008/01/09 v3.0.1a (rcs-revision 1.1)

(c:/texlive/2017/texmf-dist/tex/generic/pgf/libraries/pgflibraryarrows.code.tex
File: pgflibraryarrows.code.tex 2013/09/23 v3.0.1a (rcs-revision 1.16)
\arrowsize=\dimen339
))
(c:/texlive/2017/texmf-dist/tex/generic/pgf/frontendlayer/tikz/libraries/tikzli
brarybackgrounds.code.tex
File: tikzlibrarybackgrounds.code.tex 2013/07/18 v3.0.1a (rcs-revision 1.3)
\pgf@layerbox@background=\box96
\pgf@layerboxsaved@background=\box97
)
(c:/texlive/2017/texmf-dist/tex/generic/pgf/frontendlayer/tikz/libraries/tikzli
brarycalc.code.tex
File: tikzlibrarycalc.code.tex 2013/07/15 v3.0.1a (rcs-revision 1.9)
)
(c:/texlive/2017/texmf-dist/tex/generic/pgf/frontendlayer/tikz/libraries/tikzli
brarypatterns.code.tex
File: tikzlibrarypatterns.code.tex 2008/01/15 v3.0.1a (rcs-revision 1.2)

(c:/texlive/2017/texmf-dist/tex/generic/pgf/libraries/pgflibrarypatterns.code.t
ex
File: pgflibrarypatterns.code.tex 2008/03/03 v3.0.1a (rcs-revision 1.13)
))
(c:/texlive/2017/texmf-dist/tex/generic/pgf/frontendlayer/tikz/libraries/tikzli
brarypositioning.code.tex
File: tikzlibrarypositioning.code.tex 2008/10/06 v3.0.1a (rcs-revision 1.7)
)
(c:/texlive/2017/texmf-dist/tex/generic/pgf/frontendlayer/tikz/libraries/tikzli
braryshapes.geometric.code.tex
File: tikzlibraryshapes.geometric.code.tex 2008/01/09 v3.0.1a (rcs-revision 1.1
)

(c:/texlive/2017/texmf-dist/tex/generic/pgf/libraries/shapes/pgflibraryshapes.g
eometric.code.tex
File: pgflibraryshapes.geometric.code.tex 2008/06/26 v3.0.1a (rcs-revision 1.1)

))
(c:/texlive/2017/texmf-dist/tex/latex/pgf/utilities/pgfcalendar.sty
(c:/texlive/2017/texmf-dist/tex/generic/pgf/utilities/pgfcalendar.code.tex
File: pgfcalendar.code.tex 2007/07/23 v3.0.1a (rcs-revision 1.11)
\pgfcalendarcurrentjulian=\count442
))
\gtt@currentline=\count443
\gtt@lasttitleline=\count444
\gtt@currgrid=\count445
\gtt@chartwidth=\count446
\gtt@lasttitleslot=\count447
\gtt@elementid=\count448
\gtt@today@slot=\count449
\gtt@startjulian=\count450
\gtt@endjulian=\count451
\gtt@chartid=\count452
\gtt@vrule@slot=\count453
\gtt@calendar@slots=\count454
\gtt@calendar@weeknumber=\count455
\gtt@calendar@startofweek=\count456
\gtt@left@slot=\count457
\gtt@right@slot=\count458
)
(c:/texlive/2017/texmf-dist/tex/latex/lipsum/lipsum.sty
Package: lipsum 2014/07/27 v1.3 150 paragraphs of Lorem Ipsum dummy text
\c@lips@count=\count459
)
\c@problema=\count460
\c@definicao=\count461
\c@proposicao=\count462
\c@teorema=\count463
\c@lema=\count464
\c@corolario=\count465
\c@exemplo=\count466

(c:/texlive/2017/texmf-dist/tex/latex/psnfss/helvet.sty
Package: helvet 2005/04/12 PSNFSS-v9.2a (WaS) 
)
\@nomenclaturefile=\write22
\openout4 = `modelo_dissertacao.nlo'.


Writing nomenclature file modelo_dissertacao.nlo
\glswrite=\write23
\glo@main@file=\write24
\openout4 = `modelo_dissertacao.glo'.

Package glossaries Info: Writing glossary file modelo_dissertacao.glo on input 
line 73.
\glo@acronym@file=\write25
\openout4 = `modelo_dissertacao.acn'.

Package glossaries Info: Writing glossary file modelo_dissertacao.acn on input 
line 73.
\@input{entradas_glossario.aux}
\openout2 = `entradas_glossario.aux'.

(./entradas_glossario.tex)

LaTeX Warning: Unused global option(s):
    [french].

(./modelo_dissertacao.aux)
\openout1 = `modelo_dissertacao.aux'.

LaTeX Font Info:    Checking defaults for OML/cmm/m/it on input line 127.
LaTeX Font Info:    ... okay on input line 127.
LaTeX Font Info:    Checking defaults for T1/cmr/m/n on input line 127.
LaTeX Font Info:    ... okay on input line 127.
LaTeX Font Info:    Checking defaults for OT1/cmr/m/n on input line 127.
LaTeX Font Info:    ... okay on input line 127.
LaTeX Font Info:    Checking defaults for OMS/cmsy/m/n on input line 127.
LaTeX Font Info:    ... okay on input line 127.
LaTeX Font Info:    Checking defaults for OMX/cmex/m/n on input line 127.
LaTeX Font Info:    ... okay on input line 127.
LaTeX Font Info:    Checking defaults for U/cmr/m/n on input line 127.
LaTeX Font Info:    ... okay on input line 127.
LaTeX Font Info:    Checking defaults for PD1/pdf/m/n on input line 127.
LaTeX Font Info:    ... okay on input line 127.
LaTeX Font Info:    Try loading font information for T1+phv on input line 127.

(c:/texlive/2017/texmf-dist/tex/latex/psnfss/t1phv.fd
File: t1phv.fd 2001/06/04 scalable font definitions for T1/phv.
)
LaTeX Font Info:    Font shape `T1/phv/m/n' will be
(Font)              scaled to size 10.79993pt on input line 127.
\AtBeginShipoutBox=\box98
Package hyperref Info: Link coloring ON on input line 127.

(c:/texlive/2017/texmf-dist/tex/latex/hyperref/nameref.sty
Package: nameref 2016/05/21 v2.44 Cross-referencing by name of section

(c:/texlive/2017/texmf-dist/tex/generic/oberdiek/gettitlestring.sty
Package: gettitlestring 2016/05/16 v1.5 Cleanup title references (HO)
)
\c@section@level=\count467
)
LaTeX Info: Redefining \ref on input line 127.
LaTeX Info: Redefining \pageref on input line 127.
LaTeX Info: Redefining \nameref on input line 127.
\myptabbox=\box99
\myptabboxwidth=\skip347

(c:/texlive/2017/texmf-dist/tex/latex/translator/translator-months-dictionary-E
nglish.dict
Dictionary: translator-months-dictionary, Language: English 
)
(c:/texlive/2017/texmf-dist/tex/latex/translator/translator-months-dictionary-S
panish.dict
Dictionary: translator-months-dictionary, Language: Spanish 
)
(c:/texlive/2017/texmf-dist/tex/latex/translator/translator-months-dictionary-P
ortuguese.dict
Dictionary: translator-month-dictionary, Language: portuguese 
) (c:/texlive/2017/texmf-dist/tex/context/base/mkii/supp-pdf.mkii
[Loading MPS to PDF converter (version 2006.09.02).]
\scratchcounter=\count468
\scratchdimen=\dimen340
\scratchbox=\box100
\nofMPsegments=\count469
\nofMParguments=\count470
\everyMPshowfont=\toks73
\MPscratchCnt=\count471
\MPscratchDim=\dimen341
\MPnumerator=\count472
\makeMPintoPDFobject=\count473
\everyMPtoPDFconversion=\toks74
) (c:/texlive/2017/texmf-dist/tex/latex/oberdiek/epstopdf-base.sty
Package: epstopdf-base 2016/05/15 v2.6 Base part for package epstopdf

(c:/texlive/2017/texmf-dist/tex/latex/oberdiek/grfext.sty
Package: grfext 2016/05/16 v1.2 Manage graphics extensions (HO)
)
Package epstopdf-base Info: Redefining graphics rule for `.eps' on input line 4
38.
Package grfext Info: Graphics extension search list:
(grfext)             [.pdf,.png,.jpg,.mps,.jpeg,.jbig2,.jb2,.PDF,.PNG,.JPG,.JPE
G,.JBIG2,.JB2,.eps]
(grfext)             \AppendGraphicsExtensions on input line 456.

(c:/texlive/2017/texmf-dist/tex/latex/latexconfig/epstopdf-sys.cfg
File: epstopdf-sys.cfg 2010/07/13 v1.3 Configuration of (r)epstopdf for TeX Liv
e
))
Package lastpage Info: Please have a look at the pageslts package at
(lastpage)             https://www.ctan.org/pkg/pageslts
(lastpage)             ! on input line 127.

*geometry* driver: auto-detecting
*geometry* detected driver: pdftex
*geometry* verbose mode - [ preamble ] result:
* driver: pdftex
* paper: a4paper
* layout: <same size as paper>
* layoutoffset:(h,v)=(0.0pt,0.0pt)
* modes: 
* h-part:(L,W,R)=(85.35826pt, 455.24411pt, 56.9055pt)
* v-part:(T,H,B)=(85.35826pt, 702.78308pt, 56.9055pt)
* \paperwidth=597.50787pt
* \paperheight=845.04684pt
* \textwidth=455.24411pt
* \textheight=702.78308pt
* \oddsidemargin=13.08827pt
* \evensidemargin=13.08827pt
* \topmargin=-36.39648pt
* \headheight=22.49307pt
* \headsep=26.99168pt
* \topskip=12.0pt
* \footskip=62.9806pt
* \marginparwidth=49.79233pt
* \marginparsep=12.8401pt
* \columnsep=10.0pt
* \skip\footins=12.0pt plus 4.0pt minus 4.0pt
* \hoffset=0.0pt
* \voffset=0.0pt
* \mag=1000
* \@twocolumnfalse
* \@twosidefalse
* \@mparswitchfalse
* \@reversemarginfalse
* (1in=72.27pt=25.4mm, 1cm=28.453pt)

LaTeX Info: Redefining \microtypecontext on input line 127.
Package microtype Info: Generating PDF output.
Package microtype Info: Character protrusion enabled (level 2).
Package microtype Info: Using default protrusion set `alltext'.
Package microtype Info: Automatic font expansion enabled (level 2),
(microtype)             stretch: 20, shrink: 20, step: 1, non-selected.
Package microtype Info: Using default expansion set `basictext'.
Package microtype Info: No adjustment of tracking.
Package microtype Info: No adjustment of interword spacing.
Package microtype Info: No adjustment of character kerning.
Package microtype Info: Loading generic protrusion settings for font family
(microtype)             `phv' (encoding: T1).
(microtype)             For optimal results, create family-specific settings.
(microtype)             See the microtype manual for details.
Package caption Info: Begin \AtBeginDocument code.
Package caption Info: subfig package v1.3 is loaded.
Package caption Info: float package is loaded.
Package caption Info: listings package is loaded.
Package caption Info: threeparttable package is loaded.
Package caption Info: End \AtBeginDocument code.
\c@lstlisting=\count474
\c@fltdepth=\count475
\idxtitle@default=\toks75
\tf@default=\write26
\openout4 = `modelo_dissertacao.idx'.

Package index Info: Writing index file modelo_dissertacao.idx on input line 127
.
ABD: EveryShipout initializing macros
LaTeX Font Info:    Font shape `T1/phv/bx/n' in size <12> not available
(Font)              Font shape `T1/phv/b/n' tried instead on input line 129.
LaTeX Font Info:    Font shape `T1/phv/b/n' will be
(Font)              scaled to size 10.79993pt on input line 129.
LaTeX Font Info:    Font shape `T1/phv/m/n' will be
(Font)              scaled to size 12.59991pt on input line 129.
LaTeX Font Info:    Font shape `T1/phv/bx/n' in size <14> not available
(Font)              Font shape `T1/phv/b/n' tried instead on input line 129.
LaTeX Font Info:    Font shape `T1/phv/b/n' will be
(Font)              scaled to size 12.59991pt on input line 129.
\openout4 = `modelo_dissertacao.mw'.

 [1




{c:/texlive/2017/texmf-var/fonts/map/pdftex/updmap/pdftex.map}] (./modelo_disse
rtacao.mw)
\openout4 = `modelo_dissertacao.mw'.

\openout4 = `modelo_dissertacao.ist'.

\openout4 = `modelo_dissertacao.mw'.

\openout4 = `modelo_dissertacao.mw'.

\openout4 = `modelo_dissertacao.mw'.

\openout4 = `modelo_dissertacao.mw'.

\openout4 = `modelo_dissertacao.mw'.

\openout4 = `modelo_dissertacao.mw'.

\openout4 = `modelo_dissertacao.mw'.

\openout4 = `modelo_dissertacao.mw'.

\openout4 = `modelo_dissertacao.mw'.

\openout4 = `modelo_dissertacao.mw'.

\openout4 = `modelo_dissertacao.mw'.

\openout4 = `modelo_dissertacao.mw'.

\openout4 = `modelo_dissertacao.mw'.

\openout4 = `modelo_dissertacao.mw'.

\openout4 = `modelo_dissertacao.mw'.

\openout4 = `modelo_dissertacao.mw'.

\openout4 = `modelo_dissertacao.mw'.

\openout4 = `modelo_dissertacao.mw'.

\openout4 = `modelo_dissertacao.mw'.

\openout4 = `modelo_dissertacao.mw'.

\openout4 = `modelo_dissertacao.mw'.

\openout4 = `modelo_dissertacao.mw'.

\openout4 = `modelo_dissertacao.mw'.

\openout4 = `modelo_dissertacao.mw'.

\openout4 = `modelo_dissertacao.mw'.

\openout4 = `modelo_dissertacao.mw'.

\openout4 = `modelo_dissertacao.mw'.

\openout4 = `modelo_dissertacao.mw'.

\openout4 = `modelo_dissertacao.mw'.

\openout4 = `modelo_dissertacao.mw'.

\openout4 = `modelo_dissertacao.mw'.

\openout4 = `modelo_dissertacao.mw'.

\openout4 = `modelo_dissertacao.mw'.

\openout4 = `modelo_dissertacao.mw'.

\openout4 = `modelo_dissertacao.mw'.

\openout4 = `modelo_dissertacao.mw'.

\openout4 = `modelo_dissertacao.mw'.

\openout4 = `modelo_dissertacao.mw'.

\openout4 = `modelo_dissertacao.mw'.

\openout4 = `modelo_dissertacao.mw'.

\openout4 = `modelo_dissertacao.mw'.

\openout4 = `modelo_dissertacao.mw'.

\openout4 = `modelo_dissertacao.mw'.

\openout4 = `modelo_dissertacao.mw'.

\openout4 = `modelo_dissertacao.mw'.

\openout4 = `modelo_dissertacao.mw'.

\openout4 = `modelo_dissertacao.mw'.

\openout4 = `modelo_dissertacao.mw'.

\openout4 = `modelo_dissertacao.mw'.

\openout4 = `modelo_dissertacao.mw'.

\openout4 = `modelo_dissertacao.mw'.

\openout4 = `modelo_dissertacao.mw'.

\openout4 = `modelo_dissertacao.mw'.

\openout4 = `modelo_dissertacao.mw'.

\openout4 = `modelo_dissertacao.mw'.

\openout4 = `modelo_dissertacao.mw'.

\openout4 = `modelo_dissertacao.mw'.

\openout4 = `modelo_dissertacao.mw'.

\openout4 = `modelo_dissertacao.mw'.

\openout4 = `modelo_dissertacao.mw'.

\openout4 = `modelo_dissertacao.mw'.

\openout4 = `modelo_dissertacao.mw'.

\openout4 = `modelo_dissertacao.ist'.

\openout4 = `modelo_dissertacao.mw'.

\openout4 = `modelo_dissertacao.mw'.

\openout4 = `modelo_dissertacao.mw'.

\openout4 = `modelo_dissertacao.mw'.

\openout4 = `modelo_dissertacao.mw'.

\openout4 = `modelo_dissertacao.mw'.


(c:/texlive/2017/texmf-dist/tex/latex/microtype/mt-cmr.cfg
File: mt-cmr.cfg 2013/05/19 v2.2 microtype config. file: Computer Modern Roman 
(RS)
)
LaTeX Font Info:    Try loading font information for U+msa on input line 139.

(c:/texlive/2017/texmf-dist/tex/latex/amsfonts/umsa.fd
File: umsa.fd 2013/01/14 v3.01 AMS symbols A
)
(c:/texlive/2017/texmf-dist/tex/latex/microtype/mt-msa.cfg
File: mt-msa.cfg 2006/02/04 v1.1 microtype config. file: AMS symbols (a) (RS)
)
LaTeX Font Info:    Try loading font information for U+msb on input line 139.

(c:/texlive/2017/texmf-dist/tex/latex/amsfonts/umsb.fd
File: umsb.fd 2013/01/14 v3.01 AMS symbols B
)
(c:/texlive/2017/texmf-dist/tex/latex/microtype/mt-msb.cfg
File: mt-msb.cfg 2005/06/01 v1.0 microtype config. file: AMS symbols (b) (RS)
)pdfTeX warning (ext4): destination with the same identifier (name{page.1}) has
 been already used, duplicate ignored
<to be read again> 
                   \relax 
l.139 \folhaderosto[Fichacatalografica]
                                       
\openout4 = `modelo_dissertacao.mw'.

 [1

] (./modelo_dissertacao.mw)
\openout4 = `modelo_dissertacao.mw'.

<Fichacatalografica.jpg, id=19, 417.81094pt x 268.75406pt>
File: Fichacatalografica.jpg Graphic file (type jpg)
<use Fichacatalografica.jpg>
Package pdftex.def Info: Fichacatalografica.jpg  used on input line 139.
(pdftex.def)             Requested size: 355.68288pt x 213.396pt.
\openout4 = `modelo_dissertacao.mw'.

 [2

 <./Fichacatalografica.jpg>] (./modelo_dissertacao.mw)
\openout4 = `modelo_dissertacao.mw'.

LaTeX Font Info:    Font shape `T1/phv/m/n' will be
(Font)              scaled to size 8.99994pt on input line 143.
<brasao.png, id=24, 260.8947pt x 261.6174pt>
File: brasao.png Graphic file (type png)
<use brasao.png>
Package pdftex.def Info: brasao.png  used on input line 143.
(pdftex.def)             Requested size: 62.59605pt x 62.76949pt.
<logo-utfpr.png, id=26, 48.56544pt x 17.77843pt>
File: logo-utfpr.png Graphic file (type png)
<use logo-utfpr.png>
Package pdftex.def Info: logo-utfpr.png  used on input line 143.
(pdftex.def)             Requested size: 85.35826pt x 31.24886pt.


Package Fancyhdr Warning: \headheight is too small (59.40894pt): 
 Make it at least 70.14018pt.
 We now make it that large for the rest of the document.
 This may cause the page layout to be inconsistent, however.


Package Fancyhdr Warning: \footskip is too small (0.0pt): 
 Make it at least 10.14995pt.
 We now make it that large for the rest of the document.
 This may cause the page layout to be inconsistent, however.

\openout4 = `modelo_dissertacao.mw'.

[3

 <c:/texlive/texmf-local/tex/latex/utfprcptex2/brasao.png> <c:/texlive/texmf-lo
cal/tex/latex/utfprcptex2/logo-utfpr.png>] (./modelo_dissertacao.mw)
\openout4 = `modelo_dissertacao.mw'.

LaTeX Font Info:    Font shape `T1/phv/m/it' in size <12> not available
(Font)              Font shape `T1/phv/m/sl' tried instead on input line 164.
LaTeX Font Info:    Font shape `T1/phv/m/sl' will be
(Font)              scaled to size 10.79993pt on input line 164.
\openout4 = `modelo_dissertacao.mw'.

 [4



]
(./modelo_dissertacao.mw)
\openout4 = `modelo_dissertacao.mw'.

\openout4 = `modelo_dissertacao.mw'.

\openout4 = `modelo_dissertacao.mw'.

\openout4 = `modelo_dissertacao.mw'.

\openout4 = `modelo_dissertacao.mw'.

\openout4 = `modelo_dissertacao.mw'.

 [5



] (./modelo_dissertacao.mw)
\openout4 = `modelo_dissertacao.mw'.


(./modelo_dissertacao.lof)
\openout4 = `modelo_dissertacao.mw'.

 [6


] (./modelo_dissertacao.mw)
\openout4 = `modelo_dissertacao.mw'.


(./modelo_dissertacao.lot)
\openout4 = `modelo_dissertacao.mw'.

 [7


] (./modelo_dissertacao.mw)
\openout4 = `modelo_dissertacao.mw'.

\instream=\read4
runsystem(makeindex modelo_dissertacao.nlo -s utfpr-siglas.ist -o modelo_disser
tacao.nls)...executed safely (allowed).


(./modelo_dissertacao.nls) (./modelo_dissertacao.toc
LaTeX Font Info:    Font shape `T1/phv/m/sc' will be
(Font)              scaled to size 10.79993pt on input line 11.
)
\openout4 = `modelo_dissertacao.mw'.

 [8




]
(./modelo_dissertacao.mw)
\openout4 = `modelo_dissertacao.mw'.

 (./capitulo1/cap1.tex
\openout4 = `modelo_dissertacao.mw'.

 [9


] (./modelo_dissertacao.mw)
\openout4 = `modelo_dissertacao.mw'.

\openout4 = `modelo_dissertacao.mw'.

\openout4 = `modelo_dissertacao.mw'.

\openout4 = `modelo_dissertacao.mw'.

\openout4 = `modelo_dissertacao.mw'.

LaTeX Font Info:    Try loading font information for OMS+phv on input line 21.

(c:/texlive/2017/texmf-dist/tex/latex/psnfss/omsphv.fd
File: omsphv.fd 
)
LaTeX Font Info:    Font shape `OMS/phv/m/n' in size <12> not available
(Font)              Font shape `OMS/cmsy/m/n' tried instead on input line 21.
) (./capitulo2/cap2.tex
\openout4 = `modelo_dissertacao.mw'.


[10] (./modelo_dissertacao.mw)
\openout4 = `modelo_dissertacao.mw'.

\openout4 = `modelo_dissertacao.mw'.

\openout4 = `modelo_dissertacao.mw'.

\openout4 = `modelo_dissertacao.mw'.

 [11

] (./modelo_dissertacao.mw)
\openout4 = `modelo_dissertacao.mw'.

LaTeX Font Info:    Font shape `T1/phv/bx/n' in size <10> not available
(Font)              Font shape `T1/phv/b/n' tried instead on input line 34.
LaTeX Font Info:    Font shape `T1/phv/b/n' will be
(Font)              scaled to size 8.99994pt on input line 34.
<figuras/projetograos_ver1.jpg, id=224, 1954.30125pt x 1386.17876pt>
File: figuras/projetograos_ver1.jpg Graphic file (type jpg)
<use figuras/projetograos_ver1.jpg>
Package pdftex.def Info: figuras/projetograos_ver1.jpg  used on input line 37.
(pdftex.def)             Requested size: 455.24411pt x 322.89662pt.
\openout4 = `modelo_dissertacao.mw'.

 [12]
(./modelo_dissertacao.mw)
\openout4 = `modelo_dissertacao.mw'.

\openout4 = `modelo_dissertacao.mw'.

 [13 <./figuras/projetograos_ver1.jpg>]
(./modelo_dissertacao.mw)
\openout4 = `modelo_dissertacao.mw'.

<figuras/graficoBarras.png, id=254, 426.84468pt x 460.72125pt>
File: figuras/graficoBarras.png Graphic file (type png)
<use figuras/graficoBarras.png>
Package pdftex.def Info: figuras/graficoBarras.png  used on input line 71.
(pdftex.def)             Requested size: 284.52756pt x 307.12799pt.
\openout4 = `modelo_dissertacao.mw'.

 [14] (./modelo_dissertacao.mw)
\openout4 = `modelo_dissertacao.mw'.

<figuras/graficosPizza.png, id=266, 604.50844pt x 368.87813pt>
File: figuras/graficosPizza.png Graphic file (type png)
<use figuras/graficosPizza.png>
Package pdftex.def Info: figuras/graficosPizza.png  used on input line 89.
(pdftex.def)             Requested size: 455.24411pt x 277.79488pt.
\openout4 = `modelo_dissertacao.mw'.

 [15 <./figuras/graficoBarras.png>] (./modelo_dissertacao.mw)
\openout4 = `modelo_dissertacao.mw'.

\openout4 = `modelo_dissertacao.mw'.

 [16 <./figuras/graficosPizza.png>]
(./modelo_dissertacao.mw)
\openout4 = `modelo_dissertacao.mw'.

LaTeX Font Info:    Font shape `T1/phv/m/n' will be
(Font)              scaled to size 7.19995pt on input line 107.
LaTeX Font Info:    Font shape `T1/phv/m/n' will be
(Font)              scaled to size 6.29996pt on input line 107.
) (./capitulo3/cap3.tex
\openout4 = `modelo_dissertacao.mw'.

 [17] (./modelo_dissertacao.mw)
\openout4 = `modelo_dissertacao.mw'.

\openout4 = `modelo_dissertacao.mw'.

[18

] (./modelo_dissertacao.mw)
\openout4 = `modelo_dissertacao.mw'.

\openout4 = `modelo_dissertacao.mw'.

\openout4 = `modelo_dissertacao.mw'.

\openout4 = `modelo_dissertacao.mw'.

\openout4 = `modelo_dissertacao.mw'.

<figuras/Deploy.png, id=307, 746.79pt x 611.28375pt>
File: figuras/Deploy.png Graphic file (type png)
<use figuras/Deploy.png>
Package pdftex.def Info: figuras/Deploy.png  used on input line 47.
(pdftex.def)             Requested size: 455.24411pt x 372.64003pt.
\openout4 = `modelo_dissertacao.mw'.

 [19] (./modelo_dissertacao.mw)
\openout4 = `modelo_dissertacao.mw'.

<figuras/classdiagram.png, id=315, 566.86781pt x 392.96812pt>
File: figuras/classdiagram.png Graphic file (type png)
<use figuras/classdiagram.png>
Package pdftex.def Info: figuras/classdiagram.png  used on input line 57.
(pdftex.def)             Requested size: 455.24411pt x 315.59813pt.
\openout4 = `modelo_dissertacao.mw'.

 [20 <./figuras/Deploy.png>] (./modelo_dissertacao.mw)
\openout4 = `modelo_dissertacao.mw'.

<figuras/communicationdiagram.png, id=322, 763.35187pt x 480.29437pt>
File: figuras/communicationdiagram.png Graphic file (type png)
<use figuras/communicationdiagram.png>
Package pdftex.def Info: figuras/communicationdiagram.png  used on input line 6
8.
(pdftex.def)             Requested size: 455.24411pt x 286.4346pt.
\openout4 = `modelo_dissertacao.mw'.

 [21 <./figuras/classdiagram.png>]
(./modelo_dissertacao.mw)
\openout4 = `modelo_dissertacao.mw'.

\openout4 = `modelo_dissertacao.mw'.

 [22 <./figuras/communicationdiagram.png>]
(./modelo_dissertacao.mw)
\openout4 = `modelo_dissertacao.mw'.

\openout4 = `modelo_dissertacao.mw'.

 [23] (./modelo_dissertacao.mw)
\openout4 = `modelo_dissertacao.mw'.

\openout4 = `modelo_dissertacao.mw'.

 [24]
(./modelo_dissertacao.mw)
\openout4 = `modelo_dissertacao.mw'.

\openout4 = `modelo_dissertacao.mw'.

 [25] (./modelo_dissertacao.mw)
\openout4 = `modelo_dissertacao.mw'.

<figuras/CasoDeUso.jpg, id=359, 1325.95375pt x 984.67876pt>
File: figuras/CasoDeUso.jpg Graphic file (type jpg)
<use figuras/CasoDeUso.jpg>
Package pdftex.def Info: figuras/CasoDeUso.jpg  used on input line 216.
(pdftex.def)             Requested size: 455.24411pt x 338.06178pt.
\openout4 = `modelo_dissertacao.mw'.

 [26]
(./modelo_dissertacao.mw)
\openout4 = `modelo_dissertacao.mw'.

\openout4 = `modelo_dissertacao.mw'.

 [27 <./figuras/CasoDeUso.jpg>]
(./modelo_dissertacao.mw)
\openout4 = `modelo_dissertacao.mw'.

<figuras/home1.png, id=374, 1371.1225pt x 770.88pt>
File: figuras/home1.png Graphic file (type png)
<use figuras/home1.png>
Package pdftex.def Info: figuras/home1.png  used on input line 234.
(pdftex.def)             Requested size: 455.24411pt x 255.94386pt.
<figuras/home1_menu.png, id=376, 1371.1225pt x 770.88pt>
File: figuras/home1_menu.png Graphic file (type png)
<use figuras/home1_menu.png>
Package pdftex.def Info: figuras/home1_menu.png  used on input line 248.
(pdftex.def)             Requested size: 455.24411pt x 255.94386pt.
) (./capitulo4/cap4.tex
\openout4 = `modelo_dissertacao.mw'.

 [28 <./figuras/home1.png>]
(./modelo_dissertacao.mw)
\openout4 = `modelo_dissertacao.mw'.

\openout4 = `modelo_dissertacao.mw'.

 [29 <./figuras/home1_menu.png>]
(./modelo_dissertacao.mw)
\openout4 = `modelo_dissertacao.mw'.

) (./capitulo5/cap5.tex
\openout4 = `modelo_dissertacao.mw'.

 [30

] (./modelo_dissertacao.mw)
\openout4 = `modelo_dissertacao.mw'.

) (./modelo_dissertacao.bbl (./modelo_dissertacao.brf)
\tf@brf=\write27
\openout4 = `modelo_dissertacao.brf'.

\openout4 = `modelo_dissertacao.mw'.

 [31

]
(./modelo_dissertacao.mw)
\openout4 = `modelo_dissertacao.mw'.



Package hyperref Warning: Token not allowed in a PDF string (PDFDocEncoding):
(hyperref)                removing `\uppercase' on input line 3.

bibitemlist
LaTeX Font Info:    Font shape `T1/phv/bx/n' in size <8> not available
(Font)              Font shape `T1/phv/b/n' tried instead on input line 63.
LaTeX Font Info:    Font shape `T1/phv/b/n' will be
(Font)              scaled to size 7.19995pt on input line 63.

Underfull \hbox (badness 1394) in paragraph at lines 89--89
[]\T1/phv/m/n/12 (+20) MORETTIN, P.A.; BUS-SAB, W. de Oli-veira. \T1/phv/b/n/12
 Es-ta-ts-tica b-sica\T1/phv/m/n/12 (+20) . Sa-raiva, 2010. ISBN
 []


Underfull \hbox (badness 1062) in paragraph at lines 96--96
[]\T1/phv/m/n/12 (+20) PRESSMAN, R.S. \T1/phv/b/n/12 En-ge-nha-ria de Soft-ware
 - 7.ed.:\T1/phv/m/n/12 (+20) . Mc-Graw Hill Bra-sil, 2009. ISBN
 []

\openout4 = `modelo_dissertacao.mw'.

[32

] (./modelo_dissertacao.mw)
\openout4 = `modelo_dissertacao.mw'.

)
runsystem(makeindex modelo_dissertacao.glo -s estilo-glossario.ist -t modelo_di
ssertacao.glg -o modelo_dissertacao.gls)...executed safely (allowed).

\openout4 = `modelo_dissertacao.mw'.

 [33] (./modelo_dissertacao.mw)
\openout4 = `modelo_dissertacao.mw'.


(./modelo_dissertacao.gls) 
AED: lastpage setting LastPage
+===================================================================+
| Modelo de teses e disserta\c c\~oes da UTFPR. 
| Alterado conforme regras de 2009. 
| Desenvolvido por UTFPR-CP 
| Vers\~ao: 1.0 
| $LastChangedDate: 2017-02-27 19:06:00 -0300$ 
+===================================================================+
\outputstream=\write28
\openout4 = `modelo_dissertacao.tmp'.

\openout4 = `modelo_dissertacao.mw'.

\openout4 = `modelo_dissertacao.mw'.

\openout4 = `modelo_dissertacao.mw'.

\openout4 = `modelo_dissertacao.mw'.

\openout4 = `modelo_dissertacao.mw'.

\openout4 = `modelo_dissertacao.mw'.

\openout4 = `modelo_dissertacao.tmp'.

\tf@lof=\write29
\openout4 = `modelo_dissertacao.lof'.

\tf@lot=\write30
\openout4 = `modelo_dissertacao.lot'.

\tf@toc=\write31
\openout4 = `modelo_dissertacao.toc'.

Package atveryend Info: Empty hook `BeforeClearDocument' on input line 260.
Package atveryend Info: Empty hook `AfterLastShipout' on input line 260.
(./modelo_dissertacao.aux
\openout4 = `modelo_dissertacao.mw'.

\openout4 = `modelo_dissertacao.mw'.

\openout4 = `modelo_dissertacao.mw'.

\openout4 = `modelo_dissertacao.mw'.

\openout4 = `modelo_dissertacao.mw'.

\openout4 = `modelo_dissertacao.mw'.

\openout4 = `modelo_dissertacao.mw'.

\openout4 = `modelo_dissertacao.mw'.

\openout4 = `modelo_dissertacao.mw'.

\openout4 = `modelo_dissertacao.mw'.

\openout4 = `modelo_dissertacao.mw'.

\openout4 = `modelo_dissertacao.mw'.

\openout4 = `modelo_dissertacao.mw'.

\openout4 = `modelo_dissertacao.mw'.

\openout4 = `modelo_dissertacao.mw'.

\openout4 = `modelo_dissertacao.mw'.

\openout4 = `modelo_dissertacao.mw'.

\openout4 = `modelo_dissertacao.mw'.

\openout4 = `modelo_dissertacao.mw'.

\openout4 = `modelo_dissertacao.mw'.

\openout4 = `modelo_dissertacao.mw'.

\openout4 = `modelo_dissertacao.mw'.

\openout4 = `modelo_dissertacao.mw'.

\openout4 = `modelo_dissertacao.mw'.

\openout4 = `modelo_dissertacao.mw'.

\openout4 = `modelo_dissertacao.mw'.

\openout4 = `modelo_dissertacao.mw'.

\openout4 = `modelo_dissertacao.mw'.

\openout4 = `modelo_dissertacao.mw'.

\openout4 = `modelo_dissertacao.mw'.

\openout4 = `modelo_dissertacao.mw'.

\openout4 = `modelo_dissertacao.mw'.

\openout4 = `modelo_dissertacao.mw'.

\openout4 = `modelo_dissertacao.mw'.

\openout4 = `modelo_dissertacao.mw'.

\openout4 = `modelo_dissertacao.mw'.

\openout4 = `modelo_dissertacao.mw'.

\openout4 = `modelo_dissertacao.mw'.

\openout4 = `modelo_dissertacao.mw'.

\openout4 = `modelo_dissertacao.mw'.

\openout4 = `modelo_dissertacao.mw'.

\openout4 = `modelo_dissertacao.mw'.

\openout4 = `modelo_dissertacao.mw'.

\openout4 = `modelo_dissertacao.mw'.

\openout4 = `modelo_dissertacao.mw'.

\openout4 = `modelo_dissertacao.mw'.

\openout4 = `modelo_dissertacao.mw'.

\openout4 = `modelo_dissertacao.mw'.

\openout4 = `modelo_dissertacao.mw'.

\openout4 = `modelo_dissertacao.mw'.

\openout4 = `modelo_dissertacao.mw'.

\openout4 = `modelo_dissertacao.mw'.

\openout4 = `modelo_dissertacao.mw'.

\openout4 = `modelo_dissertacao.mw'.

\openout4 = `modelo_dissertacao.mw'.

\openout4 = `modelo_dissertacao.mw'.

\openout4 = `modelo_dissertacao.mw'.

\openout4 = `modelo_dissertacao.mw'.

\openout4 = `modelo_dissertacao.mw'.

\openout4 = `modelo_dissertacao.mw'.

\openout4 = `modelo_dissertacao.mw'.

\openout4 = `modelo_dissertacao.mw'.

\openout4 = `modelo_dissertacao.mw'.

\openout4 = `modelo_dissertacao.mw'.

\openout4 = `modelo_dissertacao.mw'.

\openout4 = `modelo_dissertacao.mw'.

\openout4 = `modelo_dissertacao.mw'.

\openout4 = `modelo_dissertacao.mw'.

\openout4 = `modelo_dissertacao.mw'.

\openout4 = `modelo_dissertacao.mw'.

\openout4 = `modelo_dissertacao.mw'.

\openout4 = `modelo_dissertacao.mw'.

\openout4 = `modelo_dissertacao.mw'.

\openout4 = `modelo_dissertacao.mw'.

\openout4 = `modelo_dissertacao.mw'.

\openout4 = `modelo_dissertacao.mw'.

\openout4 = `modelo_dissertacao.mw'.

\openout4 = `modelo_dissertacao.mw'.

\openout4 = `modelo_dissertacao.mw'.

\openout4 = `modelo_dissertacao.mw'.

\openout4 = `modelo_dissertacao.mw'.

\openout4 = `modelo_dissertacao.mw'.

\openout4 = `modelo_dissertacao.mw'.

\openout4 = `modelo_dissertacao.mw'.

\openout4 = `modelo_dissertacao.mw'.

\openout4 = `modelo_dissertacao.mw'.

\openout4 = `modelo_dissertacao.mw'.

\openout4 = `modelo_dissertacao.mw'.

\openout4 = `modelo_dissertacao.mw'.

\openout4 = `modelo_dissertacao.mw'.

\openout4 = `modelo_dissertacao.mw'.

\openout4 = `modelo_dissertacao.mw'.

\openout4 = `modelo_dissertacao.mw'.

\openout4 = `modelo_dissertacao.mw'.

\openout4 = `modelo_dissertacao.mw'.

\openout4 = `modelo_dissertacao.mw'.

\openout4 = `modelo_dissertacao.mw'.

\openout4 = `modelo_dissertacao.mw'.

\openout4 = `modelo_dissertacao.mw'.

\openout4 = `modelo_dissertacao.mw'.

\openout4 = `modelo_dissertacao.mw'.

\openout4 = `modelo_dissertacao.mw'.

\openout4 = `modelo_dissertacao.mw'.

\openout4 = `modelo_dissertacao.mw'.

\openout4 = `modelo_dissertacao.mw'.

\openout4 = `modelo_dissertacao.mw'.

\openout4 = `modelo_dissertacao.mw'.

\openout4 = `modelo_dissertacao.mw'.

\openout4 = `modelo_dissertacao.mw'.

\openout4 = `modelo_dissertacao.mw'.

\openout4 = `modelo_dissertacao.mw'.

\openout4 = `modelo_dissertacao.mw'.

\openout4 = `modelo_dissertacao.mw'.

\openout4 = `modelo_dissertacao.mw'.

\openout4 = `modelo_dissertacao.mw'.

\openout4 = `modelo_dissertacao.mw'.

\openout4 = `modelo_dissertacao.mw'.

\openout4 = `modelo_dissertacao.mw'.

\openout4 = `modelo_dissertacao.mw'.

\openout4 = `modelo_dissertacao.mw'.

\openout4 = `modelo_dissertacao.mw'.

\openout4 = `modelo_dissertacao.mw'.

\openout4 = `modelo_dissertacao.mw'.

\openout4 = `modelo_dissertacao.mw'.

\openout4 = `modelo_dissertacao.mw'.

\openout4 = `modelo_dissertacao.mw'.

\openout4 = `modelo_dissertacao.mw'.

\openout4 = `modelo_dissertacao.mw'.

\openout4 = `modelo_dissertacao.mw'.

\openout4 = `modelo_dissertacao.mw'.

\openout4 = `modelo_dissertacao.mw'.

\openout4 = `modelo_dissertacao.mw'.

\openout4 = `modelo_dissertacao.mw'.

\openout4 = `modelo_dissertacao.mw'.

\openout4 = `modelo_dissertacao.mw'.

\openout4 = `modelo_dissertacao.mw'.

\openout4 = `modelo_dissertacao.mw'.

\openout4 = `modelo_dissertacao.mw'.

\openout4 = `modelo_dissertacao.mw'.

\openout4 = `modelo_dissertacao.mw'.

\openout4 = `modelo_dissertacao.mw'.

\openout4 = `modelo_dissertacao.mw'.

\openout4 = `modelo_dissertacao.mw'.

\openout4 = `modelo_dissertacao.mw'.

\openout4 = `modelo_dissertacao.mw'.

\openout4 = `modelo_dissertacao.mw'.

\openout4 = `modelo_dissertacao.mw'.

\openout4 = `modelo_dissertacao.mw'.

\openout4 = `modelo_dissertacao.mw'.

\openout4 = `modelo_dissertacao.mw'.

\openout4 = `modelo_dissertacao.mw'.

\openout4 = `modelo_dissertacao.mw'.

\openout4 = `modelo_dissertacao.mw'.

\openout4 = `modelo_dissertacao.mw'.

\openout4 = `modelo_dissertacao.mw'.

\openout4 = `modelo_dissertacao.mw'.

\openout4 = `modelo_dissertacao.mw'.

\openout4 = `modelo_dissertacao.mw'.

\openout4 = `modelo_dissertacao.mw'.

\openout4 = `modelo_dissertacao.mw'.

\openout4 = `modelo_dissertacao.mw'.

\openout4 = `modelo_dissertacao.mw'.

\openout4 = `modelo_dissertacao.mw'.

\openout4 = `modelo_dissertacao.mw'.

\openout4 = `modelo_dissertacao.mw'.

\openout4 = `modelo_dissertacao.mw'.

\openout4 = `modelo_dissertacao.mw'.

\openout4 = `modelo_dissertacao.mw'.

\openout4 = `modelo_dissertacao.mw'.

\openout4 = `modelo_dissertacao.mw'.

\openout4 = `modelo_dissertacao.mw'.

\openout4 = `modelo_dissertacao.mw'.

\openout4 = `modelo_dissertacao.mw'.

\openout4 = `modelo_dissertacao.mw'.

\openout4 = `modelo_dissertacao.mw'.

\openout4 = `modelo_dissertacao.mw'.

\openout4 = `modelo_dissertacao.mw'.

\openout4 = `modelo_dissertacao.mw'.

\openout4 = `modelo_dissertacao.mw'.

\openout4 = `modelo_dissertacao.mw'.

\openout4 = `modelo_dissertacao.mw'.

\openout4 = `modelo_dissertacao.mw'.

\openout4 = `modelo_dissertacao.mw'.

\openout4 = `modelo_dissertacao.mw'.

\openout4 = `modelo_dissertacao.mw'.

\openout4 = `modelo_dissertacao.mw'.

\openout4 = `modelo_dissertacao.mw'.

\openout4 = `modelo_dissertacao.mw'.

\openout4 = `modelo_dissertacao.mw'.

\openout4 = `modelo_dissertacao.mw'.

\openout4 = `modelo_dissertacao.mw'.

\openout4 = `modelo_dissertacao.mw'.

\openout4 = `modelo_dissertacao.mw'.

\openout4 = `modelo_dissertacao.mw'.

\openout4 = `modelo_dissertacao.mw'.

\openout4 = `modelo_dissertacao.mw'.

\openout4 = `modelo_dissertacao.mw'.

\openout4 = `modelo_dissertacao.mw'.

\openout4 = `modelo_dissertacao.mw'.

\openout4 = `modelo_dissertacao.mw'.

\openout4 = `modelo_dissertacao.mw'.

\openout4 = `modelo_dissertacao.mw'.

\openout4 = `modelo_dissertacao.mw'.

\openout4 = `modelo_dissertacao.mw'.

\openout4 = `modelo_dissertacao.mw'.

\openout4 = `modelo_dissertacao.mw'.

)
Package atveryend Info: Executing hook `AtVeryEndDocument' on input line 260.
Package atveryend Info: Executing hook `AtEndAfterFileList' on input line 260.
\openout4 = `modelo_dissertacao.brf'.

Package rerunfilecheck Info: File `modelo_dissertacao.brf' has not changed.
(rerunfilecheck)             Checksum: 4B45D089C7E9154F819161B15EA28066;1951.


LaTeX Warning: Label(s) may have changed. Rerun to get cross-references right.

Package atveryend Info: Empty hook `AtVeryVeryEnd' on input line 260.
\openout4 = `modelo_dissertacao.abreviax'.

\openout4 = `modelo_dissertacao.acronx'.

\openout4 = `modelo_dissertacao.nlo'.

\openout4 = `modelo_dissertacao.glo'.

\openout4 = `modelo_dissertacao.acn'.

\openout4 = `modelo_dissertacao.idx'.

\openout4 = `modelo_dissertacao.lof'.

\openout4 = `modelo_dissertacao.lot'.

\openout4 = `modelo_dissertacao.toc'.

 ) 
Here is how much of TeX's memory you used:
 46522 strings out of 492982
 860408 string characters out of 6136225
 1169302 words of memory out of 5000000
 48916 multiletter control sequences out of 15000+600000
 580534 words of font info for 199 fonts, out of 8000000 for 9000
 1141 hyphenation exceptions out of 8191
 73i,17n,102p,10398b,594s stack positions out of 5000i,500n,10000p,200000b,80000s
pdfTeX warning (dest): name{section*.27} has been referenced but does not exi
st, replaced by a fixed one

pdfTeX warning (dest): name{Hfootnote.1} has been referenced but does not exist
, replaced by a fixed one

{c:/texlive/2017/texmf-dist/fonts/enc/dvips/base/8r.enc}<c:/texlive/2017/texmf-
dist/fonts/type1/public/amsfonts/cm/cmsy10.pfb><c:/texlive/2017/texmf-dist/font
s/type1/urw/helvetic/uhvb8a.pfb><c:/texlive/2017/texmf-dist/fonts/type1/urw/hel
vetic/uhvr8a.pfb><c:/texlive/2017/texmf-dist/fonts/type1/urw/helvetic/uhvro8a.p
fb>
Output written on modelo_dissertacao.pdf (34 pages, 2014152 bytes).
PDF statistics:
 639 PDF objects out of 1000 (max. 8388607)
 573 compressed objects within 6 object streams
 126 named destinations out of 1000 (max. 500000)
 23481 words of extra memory for PDF output out of 24883 (max. 10000000)

